2024-07-28 01:08:26.474 [main] WARN  i.n.resolver.dns.DnsServerAddressStreamProviders - Can not find io.netty.resolver.dns.macos.MacOSDnsServerAddressStreamProvider in the classpath, fallback to system defaults. This may result in incorrect DNS resolutions on MacOS. Check whether you have a dependency on 'io.netty:netty-resolver-dns-native-macos'
2024-07-28 01:08:33.355 [main] WARN  o.s.b.w.s.c.AnnotationConfigServletWebServerApplicationContext - Exception encountered during context initialization - cancelling refresh attempt: org.springframework.beans.factory.BeanCreationException: Error creating bean with name 'authController': Injection of resource dependencies failed
2024-07-28 01:09:08.180 [main] WARN  i.n.resolver.dns.DnsServerAddressStreamProviders - Can not find io.netty.resolver.dns.macos.MacOSDnsServerAddressStreamProvider in the classpath, fallback to system defaults. This may result in incorrect DNS resolutions on MacOS. Check whether you have a dependency on 'io.netty:netty-resolver-dns-native-macos'
2024-07-28 01:09:09.230 [main] WARN  o.s.b.a.o.j.JpaBaseConfiguration$JpaWebConfiguration - spring.jpa.open-in-view is enabled by default. Therefore, database queries may be performed during view rendering. Explicitly configure spring.jpa.open-in-view to disable this warning
2024-07-28 01:09:09.657 [main] WARN  o.s.b.a.s.s.UserDetailsServiceAutoConfiguration - 

Using generated security password: ad1e50c7-e03e-4b0a-965c-53fa3128e4de

This generated password is for development use only. Your security configuration must be updated before running your application in production.

2024-07-28 01:09:09.762 [main] WARN  o.s.s.config.annotation.web.builders.WebSecurity - You are asking Spring Security to ignore Deferred [Mvc [pattern='/v3/api-docs'], Ant [pattern='/v3/api-docs']]. This is not recommended -- please use permitAll via HttpSecurity#authorizeHttpRequests instead.
2024-07-28 01:09:09.763 [main] WARN  o.s.s.config.annotation.web.builders.WebSecurity - You are asking Spring Security to ignore Deferred [Mvc [pattern='/auth/login'], Ant [pattern='/auth/login']]. This is not recommended -- please use permitAll via HttpSecurity#authorizeHttpRequests instead.
2024-07-28 01:15:52.640 [main] WARN  i.n.resolver.dns.DnsServerAddressStreamProviders - Can not find io.netty.resolver.dns.macos.MacOSDnsServerAddressStreamProvider in the classpath, fallback to system defaults. This may result in incorrect DNS resolutions on MacOS. Check whether you have a dependency on 'io.netty:netty-resolver-dns-native-macos'
2024-07-28 01:15:54.723 [main] WARN  o.s.b.w.s.c.AnnotationConfigServletWebServerApplicationContext - Exception encountered during context initialization - cancelling refresh attempt: org.springframework.beans.factory.BeanCreationException: Error creating bean with name 'authController': Injection of resource dependencies failed
2024-07-28 01:16:43.643 [main] WARN  i.n.resolver.dns.DnsServerAddressStreamProviders - Can not find io.netty.resolver.dns.macos.MacOSDnsServerAddressStreamProvider in the classpath, fallback to system defaults. This may result in incorrect DNS resolutions on MacOS. Check whether you have a dependency on 'io.netty:netty-resolver-dns-native-macos'
2024-07-28 01:16:44.702 [main] WARN  o.s.b.a.o.j.JpaBaseConfiguration$JpaWebConfiguration - spring.jpa.open-in-view is enabled by default. Therefore, database queries may be performed during view rendering. Explicitly configure spring.jpa.open-in-view to disable this warning
2024-07-28 01:16:45.381 [main] WARN  o.s.b.a.s.s.UserDetailsServiceAutoConfiguration - 

Using generated security password: 9a697242-1cdf-4dc7-b8f1-192b988fd602

This generated password is for development use only. Your security configuration must be updated before running your application in production.

2024-07-28 01:16:45.503 [main] WARN  o.s.s.config.annotation.web.builders.WebSecurity - You are asking Spring Security to ignore Deferred [Mvc [pattern='/v3/api-docs'], Ant [pattern='/v3/api-docs']]. This is not recommended -- please use permitAll via HttpSecurity#authorizeHttpRequests instead.
2024-07-28 01:16:45.504 [main] WARN  o.s.s.config.annotation.web.builders.WebSecurity - You are asking Spring Security to ignore Deferred [Mvc [pattern='/auth/login'], Ant [pattern='/auth/login']]. This is not recommended -- please use permitAll via HttpSecurity#authorizeHttpRequests instead.
2024-07-28 01:23:09.087 [main] WARN  i.n.resolver.dns.DnsServerAddressStreamProviders - Can not find io.netty.resolver.dns.macos.MacOSDnsServerAddressStreamProvider in the classpath, fallback to system defaults. This may result in incorrect DNS resolutions on MacOS. Check whether you have a dependency on 'io.netty:netty-resolver-dns-native-macos'
2024-07-28 01:23:10.050 [main] WARN  o.s.b.a.o.j.JpaBaseConfiguration$JpaWebConfiguration - spring.jpa.open-in-view is enabled by default. Therefore, database queries may be performed during view rendering. Explicitly configure spring.jpa.open-in-view to disable this warning
2024-07-28 01:23:10.532 [main] WARN  o.s.b.a.s.s.UserDetailsServiceAutoConfiguration - 

Using generated security password: 683df287-c22f-4c39-811d-ecb39c279096

This generated password is for development use only. Your security configuration must be updated before running your application in production.

2024-07-28 01:23:10.650 [main] WARN  o.s.s.config.annotation.web.builders.WebSecurity - You are asking Spring Security to ignore Deferred [Mvc [pattern='/v3/api-docs'], Ant [pattern='/v3/api-docs']]. This is not recommended -- please use permitAll via HttpSecurity#authorizeHttpRequests instead.
2024-07-28 01:23:10.651 [main] WARN  o.s.s.config.annotation.web.builders.WebSecurity - You are asking Spring Security to ignore Deferred [Mvc [pattern='/auth/login'], Ant [pattern='/auth/login']]. This is not recommended -- please use permitAll via HttpSecurity#authorizeHttpRequests instead.
2024-07-28 01:24:38.694 [main] WARN  i.n.resolver.dns.DnsServerAddressStreamProviders - Can not find io.netty.resolver.dns.macos.MacOSDnsServerAddressStreamProvider in the classpath, fallback to system defaults. This may result in incorrect DNS resolutions on MacOS. Check whether you have a dependency on 'io.netty:netty-resolver-dns-native-macos'
2024-07-28 01:24:39.692 [main] WARN  o.s.b.a.o.j.JpaBaseConfiguration$JpaWebConfiguration - spring.jpa.open-in-view is enabled by default. Therefore, database queries may be performed during view rendering. Explicitly configure spring.jpa.open-in-view to disable this warning
2024-07-28 01:24:40.105 [main] WARN  o.s.b.a.s.s.UserDetailsServiceAutoConfiguration - 

Using generated security password: b4f748b3-0787-4c60-92cb-df21e17f14eb

This generated password is for development use only. Your security configuration must be updated before running your application in production.

2024-07-28 01:24:40.220 [main] WARN  o.s.s.config.annotation.web.builders.WebSecurity - You are asking Spring Security to ignore Deferred [Mvc [pattern='/v3/api-docs'], Ant [pattern='/v3/api-docs']]. This is not recommended -- please use permitAll via HttpSecurity#authorizeHttpRequests instead.
2024-07-28 01:24:40.221 [main] WARN  o.s.s.config.annotation.web.builders.WebSecurity - You are asking Spring Security to ignore Deferred [Mvc [pattern='/auth/login'], Ant [pattern='/auth/login']]. This is not recommended -- please use permitAll via HttpSecurity#authorizeHttpRequests instead.
2024-07-28 01:26:57.505 [main] WARN  i.n.resolver.dns.DnsServerAddressStreamProviders - Can not find io.netty.resolver.dns.macos.MacOSDnsServerAddressStreamProvider in the classpath, fallback to system defaults. This may result in incorrect DNS resolutions on MacOS. Check whether you have a dependency on 'io.netty:netty-resolver-dns-native-macos'
2024-07-28 01:26:58.304 [main] WARN  o.s.b.a.o.j.JpaBaseConfiguration$JpaWebConfiguration - spring.jpa.open-in-view is enabled by default. Therefore, database queries may be performed during view rendering. Explicitly configure spring.jpa.open-in-view to disable this warning
2024-07-28 01:26:58.857 [main] WARN  o.s.b.a.s.s.UserDetailsServiceAutoConfiguration - 

Using generated security password: abc31393-a26c-4fb1-97c1-220e5eb6c12b

This generated password is for development use only. Your security configuration must be updated before running your application in production.

2024-07-28 01:26:58.986 [main] WARN  o.s.s.config.annotation.web.builders.WebSecurity - You are asking Spring Security to ignore Deferred [Mvc [pattern='/v3/api-docs'], Ant [pattern='/v3/api-docs']]. This is not recommended -- please use permitAll via HttpSecurity#authorizeHttpRequests instead.
2024-07-28 01:26:58.986 [main] WARN  o.s.s.config.annotation.web.builders.WebSecurity - You are asking Spring Security to ignore Deferred [Mvc [pattern='/auth/login'], Ant [pattern='/auth/login']]. This is not recommended -- please use permitAll via HttpSecurity#authorizeHttpRequests instead.
2024-07-28 01:32:18.678 [main] WARN  o.s.b.w.s.c.AnnotationConfigServletWebServerApplicationContext - Exception encountered during context initialization - cancelling refresh attempt: org.springframework.beans.factory.BeanCreationException: Error creating bean with name 'authController': Injection of resource dependencies failed
2024-07-28 01:34:32.110 [main] WARN  i.n.resolver.dns.DnsServerAddressStreamProviders - Can not find io.netty.resolver.dns.macos.MacOSDnsServerAddressStreamProvider in the classpath, fallback to system defaults. This may result in incorrect DNS resolutions on MacOS. Check whether you have a dependency on 'io.netty:netty-resolver-dns-native-macos'
2024-07-28 01:34:33.107 [main] WARN  o.s.b.a.o.j.JpaBaseConfiguration$JpaWebConfiguration - spring.jpa.open-in-view is enabled by default. Therefore, database queries may be performed during view rendering. Explicitly configure spring.jpa.open-in-view to disable this warning
2024-07-28 01:34:33.573 [main] WARN  o.s.b.a.s.s.UserDetailsServiceAutoConfiguration - 

Using generated security password: cc07b9f1-c1cf-4855-8609-c8bbaf390f08

This generated password is for development use only. Your security configuration must be updated before running your application in production.

2024-07-28 01:34:33.696 [main] WARN  o.s.s.config.annotation.web.builders.WebSecurity - You are asking Spring Security to ignore Deferred [Mvc [pattern='/v3/api-docs'], Ant [pattern='/v3/api-docs']]. This is not recommended -- please use permitAll via HttpSecurity#authorizeHttpRequests instead.
2024-07-28 01:34:33.696 [main] WARN  o.s.s.config.annotation.web.builders.WebSecurity - You are asking Spring Security to ignore Deferred [Mvc [pattern='/auth/login'], Ant [pattern='/auth/login']]. This is not recommended -- please use permitAll via HttpSecurity#authorizeHttpRequests instead.
2024-07-28 01:42:37.521 [main] WARN  i.n.resolver.dns.DnsServerAddressStreamProviders - Can not find io.netty.resolver.dns.macos.MacOSDnsServerAddressStreamProvider in the classpath, fallback to system defaults. This may result in incorrect DNS resolutions on MacOS. Check whether you have a dependency on 'io.netty:netty-resolver-dns-native-macos'
2024-07-28 01:42:38.484 [main] WARN  o.s.b.a.o.j.JpaBaseConfiguration$JpaWebConfiguration - spring.jpa.open-in-view is enabled by default. Therefore, database queries may be performed during view rendering. Explicitly configure spring.jpa.open-in-view to disable this warning
2024-07-28 01:42:38.968 [main] WARN  o.s.b.a.s.s.UserDetailsServiceAutoConfiguration - 

Using generated security password: 75cbe615-b948-46cd-afdc-7538bd59653a

This generated password is for development use only. Your security configuration must be updated before running your application in production.

2024-07-28 01:42:39.078 [main] WARN  o.s.s.config.annotation.web.builders.WebSecurity - You are asking Spring Security to ignore Deferred [Mvc [pattern='/v3/api-docs'], Ant [pattern='/v3/api-docs']]. This is not recommended -- please use permitAll via HttpSecurity#authorizeHttpRequests instead.
2024-07-28 01:42:39.079 [main] WARN  o.s.s.config.annotation.web.builders.WebSecurity - You are asking Spring Security to ignore Deferred [Mvc [pattern='/auth/login'], Ant [pattern='/auth/login']]. This is not recommended -- please use permitAll via HttpSecurity#authorizeHttpRequests instead.
2024-07-28 01:45:00.123 [main] WARN  i.n.resolver.dns.DnsServerAddressStreamProviders - Can not find io.netty.resolver.dns.macos.MacOSDnsServerAddressStreamProvider in the classpath, fallback to system defaults. This may result in incorrect DNS resolutions on MacOS. Check whether you have a dependency on 'io.netty:netty-resolver-dns-native-macos'
2024-07-28 01:45:01.126 [main] WARN  o.s.b.a.o.j.JpaBaseConfiguration$JpaWebConfiguration - spring.jpa.open-in-view is enabled by default. Therefore, database queries may be performed during view rendering. Explicitly configure spring.jpa.open-in-view to disable this warning
2024-07-28 01:45:01.537 [main] WARN  o.s.b.a.s.s.UserDetailsServiceAutoConfiguration - 

Using generated security password: ebc58a34-96a7-4009-b4bd-03b419483514

This generated password is for development use only. Your security configuration must be updated before running your application in production.

2024-07-28 01:45:01.641 [main] WARN  o.s.s.config.annotation.web.builders.WebSecurity - You are asking Spring Security to ignore Deferred [Mvc [pattern='/v3/api-docs'], Ant [pattern='/v3/api-docs']]. This is not recommended -- please use permitAll via HttpSecurity#authorizeHttpRequests instead.
2024-07-28 01:45:01.641 [main] WARN  o.s.s.config.annotation.web.builders.WebSecurity - You are asking Spring Security to ignore Deferred [Mvc [pattern='/auth/login'], Ant [pattern='/auth/login']]. This is not recommended -- please use permitAll via HttpSecurity#authorizeHttpRequests instead.
2024-07-28 01:52:28.214 [main] WARN  i.n.resolver.dns.DnsServerAddressStreamProviders - Can not find io.netty.resolver.dns.macos.MacOSDnsServerAddressStreamProvider in the classpath, fallback to system defaults. This may result in incorrect DNS resolutions on MacOS. Check whether you have a dependency on 'io.netty:netty-resolver-dns-native-macos'
2024-07-28 01:52:29.169 [main] WARN  o.s.b.a.o.j.JpaBaseConfiguration$JpaWebConfiguration - spring.jpa.open-in-view is enabled by default. Therefore, database queries may be performed during view rendering. Explicitly configure spring.jpa.open-in-view to disable this warning
2024-07-28 01:52:29.592 [main] WARN  o.s.b.a.s.s.UserDetailsServiceAutoConfiguration - 

Using generated security password: ee8308a7-f9f8-4d68-ad57-b2386b54e533

This generated password is for development use only. Your security configuration must be updated before running your application in production.

2024-07-28 01:52:29.694 [main] WARN  o.s.s.config.annotation.web.builders.WebSecurity - You are asking Spring Security to ignore Deferred [Mvc [pattern='/v3/api-docs'], Ant [pattern='/v3/api-docs']]. This is not recommended -- please use permitAll via HttpSecurity#authorizeHttpRequests instead.
2024-07-28 01:52:29.694 [main] WARN  o.s.s.config.annotation.web.builders.WebSecurity - You are asking Spring Security to ignore Deferred [Mvc [pattern='/auth/login'], Ant [pattern='/auth/login']]. This is not recommended -- please use permitAll via HttpSecurity#authorizeHttpRequests instead.
2024-07-28 01:55:16.061 [main] WARN  o.s.b.w.s.c.AnnotationConfigServletWebServerApplicationContext - Exception encountered during context initialization - cancelling refresh attempt: org.springframework.beans.factory.BeanCreationException: Error creating bean with name 'authController': Injection of resource dependencies failed
2024-07-28 01:56:25.237 [main] WARN  o.s.b.w.s.c.AnnotationConfigServletWebServerApplicationContext - Exception encountered during context initialization - cancelling refresh attempt: org.springframework.beans.factory.BeanCreationException: Error creating bean with name 'authController': Injection of resource dependencies failed
2024-07-28 01:56:47.918 [main] WARN  i.n.resolver.dns.DnsServerAddressStreamProviders - Can not find io.netty.resolver.dns.macos.MacOSDnsServerAddressStreamProvider in the classpath, fallback to system defaults. This may result in incorrect DNS resolutions on MacOS. Check whether you have a dependency on 'io.netty:netty-resolver-dns-native-macos'
2024-07-28 01:56:48.714 [main] WARN  o.s.b.a.o.j.JpaBaseConfiguration$JpaWebConfiguration - spring.jpa.open-in-view is enabled by default. Therefore, database queries may be performed during view rendering. Explicitly configure spring.jpa.open-in-view to disable this warning
2024-07-28 01:56:49.118 [main] WARN  o.s.b.a.s.s.UserDetailsServiceAutoConfiguration - 

Using generated security password: 6f2cbf5d-6325-4349-b8bf-3275a82247c1

This generated password is for development use only. Your security configuration must be updated before running your application in production.

2024-07-28 01:56:49.226 [main] WARN  o.s.s.config.annotation.web.builders.WebSecurity - You are asking Spring Security to ignore Deferred [Mvc [pattern='/v3/api-docs'], Ant [pattern='/v3/api-docs']]. This is not recommended -- please use permitAll via HttpSecurity#authorizeHttpRequests instead.
2024-07-28 01:56:49.226 [main] WARN  o.s.s.config.annotation.web.builders.WebSecurity - You are asking Spring Security to ignore Deferred [Mvc [pattern='/auth/login'], Ant [pattern='/auth/login']]. This is not recommended -- please use permitAll via HttpSecurity#authorizeHttpRequests instead.
2024-07-28 01:58:26.546 [main] WARN  i.n.resolver.dns.DnsServerAddressStreamProviders - Can not find io.netty.resolver.dns.macos.MacOSDnsServerAddressStreamProvider in the classpath, fallback to system defaults. This may result in incorrect DNS resolutions on MacOS. Check whether you have a dependency on 'io.netty:netty-resolver-dns-native-macos'
2024-07-28 01:58:27.475 [main] WARN  o.s.b.a.o.j.JpaBaseConfiguration$JpaWebConfiguration - spring.jpa.open-in-view is enabled by default. Therefore, database queries may be performed during view rendering. Explicitly configure spring.jpa.open-in-view to disable this warning
2024-07-28 01:58:27.887 [main] WARN  o.s.b.a.s.s.UserDetailsServiceAutoConfiguration - 

Using generated security password: 060b5fe8-4baf-4d61-b6f6-e9a51843dc87

This generated password is for development use only. Your security configuration must be updated before running your application in production.

2024-07-28 01:58:28.006 [main] WARN  o.s.s.config.annotation.web.builders.WebSecurity - You are asking Spring Security to ignore Deferred [Mvc [pattern='/v3/api-docs'], Ant [pattern='/v3/api-docs']]. This is not recommended -- please use permitAll via HttpSecurity#authorizeHttpRequests instead.
2024-07-28 01:58:28.006 [main] WARN  o.s.s.config.annotation.web.builders.WebSecurity - You are asking Spring Security to ignore Deferred [Mvc [pattern='/auth/login'], Ant [pattern='/auth/login']]. This is not recommended -- please use permitAll via HttpSecurity#authorizeHttpRequests instead.
2024-07-28 02:02:48.069 [main] WARN  i.n.resolver.dns.DnsServerAddressStreamProviders - Can not find io.netty.resolver.dns.macos.MacOSDnsServerAddressStreamProvider in the classpath, fallback to system defaults. This may result in incorrect DNS resolutions on MacOS. Check whether you have a dependency on 'io.netty:netty-resolver-dns-native-macos'
2024-07-28 02:02:48.965 [main] WARN  o.s.b.a.o.j.JpaBaseConfiguration$JpaWebConfiguration - spring.jpa.open-in-view is enabled by default. Therefore, database queries may be performed during view rendering. Explicitly configure spring.jpa.open-in-view to disable this warning
2024-07-28 02:02:49.402 [main] WARN  o.s.b.a.s.s.UserDetailsServiceAutoConfiguration - 

Using generated security password: 8bbe8b95-9fe2-45fa-aa36-12d62cd64301

This generated password is for development use only. Your security configuration must be updated before running your application in production.

2024-07-28 02:02:49.525 [main] WARN  o.s.s.config.annotation.web.builders.WebSecurity - You are asking Spring Security to ignore Deferred [Mvc [pattern='/v3/api-docs'], Ant [pattern='/v3/api-docs']]. This is not recommended -- please use permitAll via HttpSecurity#authorizeHttpRequests instead.
2024-07-28 02:02:49.525 [main] WARN  o.s.s.config.annotation.web.builders.WebSecurity - You are asking Spring Security to ignore Deferred [Mvc [pattern='/auth/login'], Ant [pattern='/auth/login']]. This is not recommended -- please use permitAll via HttpSecurity#authorizeHttpRequests instead.
2024-07-28 02:03:26.169 [main] WARN  i.n.resolver.dns.DnsServerAddressStreamProviders - Can not find io.netty.resolver.dns.macos.MacOSDnsServerAddressStreamProvider in the classpath, fallback to system defaults. This may result in incorrect DNS resolutions on MacOS. Check whether you have a dependency on 'io.netty:netty-resolver-dns-native-macos'
2024-07-28 02:03:27.014 [main] WARN  o.s.b.a.o.j.JpaBaseConfiguration$JpaWebConfiguration - spring.jpa.open-in-view is enabled by default. Therefore, database queries may be performed during view rendering. Explicitly configure spring.jpa.open-in-view to disable this warning
2024-07-28 02:03:27.432 [main] WARN  o.s.b.a.s.s.UserDetailsServiceAutoConfiguration - 

Using generated security password: 855e3796-4ea1-4559-8bfc-674ae1247bb3

This generated password is for development use only. Your security configuration must be updated before running your application in production.

2024-07-28 02:03:27.534 [main] WARN  o.s.s.config.annotation.web.builders.WebSecurity - You are asking Spring Security to ignore Deferred [Mvc [pattern='/v3/api-docs'], Ant [pattern='/v3/api-docs']]. This is not recommended -- please use permitAll via HttpSecurity#authorizeHttpRequests instead.
2024-07-28 02:03:27.534 [main] WARN  o.s.s.config.annotation.web.builders.WebSecurity - You are asking Spring Security to ignore Deferred [Mvc [pattern='/auth/login'], Ant [pattern='/auth/login']]. This is not recommended -- please use permitAll via HttpSecurity#authorizeHttpRequests instead.
2024-07-28 02:03:27.534 [main] WARN  o.s.s.config.annotation.web.builders.WebSecurity - You are asking Spring Security to ignore Deferred [Mvc [pattern='/user/test'], Ant [pattern='/user/test']]. This is not recommended -- please use permitAll via HttpSecurity#authorizeHttpRequests instead.
2024-07-28 02:04:09.834 [main] WARN  i.n.resolver.dns.DnsServerAddressStreamProviders - Can not find io.netty.resolver.dns.macos.MacOSDnsServerAddressStreamProvider in the classpath, fallback to system defaults. This may result in incorrect DNS resolutions on MacOS. Check whether you have a dependency on 'io.netty:netty-resolver-dns-native-macos'
2024-07-28 02:04:10.696 [main] WARN  o.s.b.a.o.j.JpaBaseConfiguration$JpaWebConfiguration - spring.jpa.open-in-view is enabled by default. Therefore, database queries may be performed during view rendering. Explicitly configure spring.jpa.open-in-view to disable this warning
2024-07-28 02:04:11.079 [main] WARN  o.s.b.a.s.s.UserDetailsServiceAutoConfiguration - 

Using generated security password: e755cd75-14d3-4483-8d0b-a6c50c6e32a4

This generated password is for development use only. Your security configuration must be updated before running your application in production.

2024-07-28 02:04:11.184 [main] WARN  o.s.s.config.annotation.web.builders.WebSecurity - You are asking Spring Security to ignore Deferred [Mvc [pattern='/v3/api-docs'], Ant [pattern='/v3/api-docs']]. This is not recommended -- please use permitAll via HttpSecurity#authorizeHttpRequests instead.
2024-07-28 02:04:11.184 [main] WARN  o.s.s.config.annotation.web.builders.WebSecurity - You are asking Spring Security to ignore Deferred [Mvc [pattern='/auth/login'], Ant [pattern='/auth/login']]. This is not recommended -- please use permitAll via HttpSecurity#authorizeHttpRequests instead.
2024-07-28 02:04:11.184 [main] WARN  o.s.s.config.annotation.web.builders.WebSecurity - You are asking Spring Security to ignore Deferred [Mvc [pattern='/user/test'], Ant [pattern='/user/test']]. This is not recommended -- please use permitAll via HttpSecurity#authorizeHttpRequests instead.
2024-07-28 02:05:46.563 [main] WARN  i.n.resolver.dns.DnsServerAddressStreamProviders - Can not find io.netty.resolver.dns.macos.MacOSDnsServerAddressStreamProvider in the classpath, fallback to system defaults. This may result in incorrect DNS resolutions on MacOS. Check whether you have a dependency on 'io.netty:netty-resolver-dns-native-macos'
2024-07-28 02:05:47.469 [main] WARN  o.s.b.a.o.j.JpaBaseConfiguration$JpaWebConfiguration - spring.jpa.open-in-view is enabled by default. Therefore, database queries may be performed during view rendering. Explicitly configure spring.jpa.open-in-view to disable this warning
2024-07-28 02:05:47.909 [main] WARN  o.s.b.a.s.s.UserDetailsServiceAutoConfiguration - 

Using generated security password: e59dee39-8181-41c7-a108-f3b6890afa16

This generated password is for development use only. Your security configuration must be updated before running your application in production.

2024-07-28 02:05:48.058 [main] WARN  o.s.s.config.annotation.web.builders.WebSecurity - You are asking Spring Security to ignore Deferred [Mvc [pattern='/v3/api-docs'], Ant [pattern='/v3/api-docs']]. This is not recommended -- please use permitAll via HttpSecurity#authorizeHttpRequests instead.
2024-07-28 02:05:48.058 [main] WARN  o.s.s.config.annotation.web.builders.WebSecurity - You are asking Spring Security to ignore Deferred [Mvc [pattern='/auth/login'], Ant [pattern='/auth/login']]. This is not recommended -- please use permitAll via HttpSecurity#authorizeHttpRequests instead.
2024-07-28 02:05:48.058 [main] WARN  o.s.s.config.annotation.web.builders.WebSecurity - You are asking Spring Security to ignore Deferred [Mvc [pattern='/user/test'], Ant [pattern='/user/test']]. This is not recommended -- please use permitAll via HttpSecurity#authorizeHttpRequests instead.
2024-07-28 02:09:12.667 [main] WARN  i.n.resolver.dns.DnsServerAddressStreamProviders - Can not find io.netty.resolver.dns.macos.MacOSDnsServerAddressStreamProvider in the classpath, fallback to system defaults. This may result in incorrect DNS resolutions on MacOS. Check whether you have a dependency on 'io.netty:netty-resolver-dns-native-macos'
2024-07-28 02:09:13.402 [main] WARN  o.s.b.w.s.c.AnnotationConfigServletWebServerApplicationContext - Exception encountered during context initialization - cancelling refresh attempt: org.springframework.beans.factory.BeanCreationException: Error creating bean with name 'applicationConfig' defined in file [/Users/yangyang/Projects/lepton/lepton-module-framework/build/classes/kotlin/main/com/leuan/lepton/config/ApplicationConfig.class]: Post-processing of merged bean definition failed
2024-07-28 02:09:42.034 [main] WARN  o.s.b.w.s.c.AnnotationConfigServletWebServerApplicationContext - Exception encountered during context initialization - cancelling refresh attempt: org.springframework.beans.factory.parsing.BeanDefinitionParsingException: Configuration problem: @Bean method 'initObjectMapper' must not be declared as void; change the method's return type or its annotation.
Offending resource: class path resource [com/leuan/lepton/config/ApplicationConfig.class]
2024-07-28 02:10:04.332 [main] WARN  o.s.b.w.s.c.AnnotationConfigServletWebServerApplicationContext - Exception encountered during context initialization - cancelling refresh attempt: org.springframework.beans.factory.BeanCreationException: Error creating bean with name 'authController': Injection of resource dependencies failed
2024-07-28 02:11:06.345 [main] WARN  i.n.resolver.dns.DnsServerAddressStreamProviders - Can not find io.netty.resolver.dns.macos.MacOSDnsServerAddressStreamProvider in the classpath, fallback to system defaults. This may result in incorrect DNS resolutions on MacOS. Check whether you have a dependency on 'io.netty:netty-resolver-dns-native-macos'
2024-07-28 02:11:07.115 [main] WARN  o.s.b.w.s.c.AnnotationConfigServletWebServerApplicationContext - Exception encountered during context initialization - cancelling refresh attempt: org.springframework.beans.factory.BeanCreationException: Error creating bean with name 'applicationConfig' defined in file [/Users/yangyang/Projects/lepton/lepton-module-framework/build/classes/kotlin/main/com/leuan/lepton/config/ApplicationConfig.class]: Failed to instantiate [com.leuan.lepton.config.ApplicationConfig$$SpringCGLIB$$0]: Constructor threw exception
2024-07-28 02:12:20.083 [main] WARN  o.s.b.w.s.c.AnnotationConfigServletWebServerApplicationContext - Exception encountered during context initialization - cancelling refresh attempt: org.springframework.beans.factory.BeanCreationException: Error creating bean with name 'authController': Injection of resource dependencies failed
2024-07-28 02:14:54.029 [main] WARN  i.n.resolver.dns.DnsServerAddressStreamProviders - Can not find io.netty.resolver.dns.macos.MacOSDnsServerAddressStreamProvider in the classpath, fallback to system defaults. This may result in incorrect DNS resolutions on MacOS. Check whether you have a dependency on 'io.netty:netty-resolver-dns-native-macos'
2024-07-28 02:14:54.983 [main] WARN  o.s.b.a.o.j.JpaBaseConfiguration$JpaWebConfiguration - spring.jpa.open-in-view is enabled by default. Therefore, database queries may be performed during view rendering. Explicitly configure spring.jpa.open-in-view to disable this warning
2024-07-28 02:14:55.441 [main] WARN  o.s.b.a.s.s.UserDetailsServiceAutoConfiguration - 

Using generated security password: 699ca956-89ad-4483-87c3-ce83bcbd1a14

This generated password is for development use only. Your security configuration must be updated before running your application in production.

2024-07-28 02:14:55.551 [main] WARN  o.s.s.config.annotation.web.builders.WebSecurity - You are asking Spring Security to ignore Deferred [Mvc [pattern='/v3/api-docs'], Ant [pattern='/v3/api-docs']]. This is not recommended -- please use permitAll via HttpSecurity#authorizeHttpRequests instead.
2024-07-28 02:14:55.551 [main] WARN  o.s.s.config.annotation.web.builders.WebSecurity - You are asking Spring Security to ignore Deferred [Mvc [pattern='/auth/login'], Ant [pattern='/auth/login']]. This is not recommended -- please use permitAll via HttpSecurity#authorizeHttpRequests instead.
2024-07-28 02:14:55.551 [main] WARN  o.s.s.config.annotation.web.builders.WebSecurity - You are asking Spring Security to ignore Deferred [Mvc [pattern='/user/test'], Ant [pattern='/user/test']]. This is not recommended -- please use permitAll via HttpSecurity#authorizeHttpRequests instead.
2024-07-28 02:20:16.264 [main] WARN  i.n.resolver.dns.DnsServerAddressStreamProviders - Can not find io.netty.resolver.dns.macos.MacOSDnsServerAddressStreamProvider in the classpath, fallback to system defaults. This may result in incorrect DNS resolutions on MacOS. Check whether you have a dependency on 'io.netty:netty-resolver-dns-native-macos'
2024-07-28 02:20:17.130 [main] WARN  o.s.b.a.o.j.JpaBaseConfiguration$JpaWebConfiguration - spring.jpa.open-in-view is enabled by default. Therefore, database queries may be performed during view rendering. Explicitly configure spring.jpa.open-in-view to disable this warning
2024-07-28 02:20:17.613 [main] WARN  o.s.b.a.s.s.UserDetailsServiceAutoConfiguration - 

Using generated security password: f1c31c9f-6d8b-466d-96cd-494dbcafa43f

This generated password is for development use only. Your security configuration must be updated before running your application in production.

2024-07-28 02:20:17.728 [main] WARN  o.s.s.config.annotation.web.builders.WebSecurity - You are asking Spring Security to ignore Deferred [Mvc [pattern='/v3/api-docs'], Ant [pattern='/v3/api-docs']]. This is not recommended -- please use permitAll via HttpSecurity#authorizeHttpRequests instead.
2024-07-28 02:20:17.728 [main] WARN  o.s.s.config.annotation.web.builders.WebSecurity - You are asking Spring Security to ignore Deferred [Mvc [pattern='/auth/login'], Ant [pattern='/auth/login']]. This is not recommended -- please use permitAll via HttpSecurity#authorizeHttpRequests instead.
2024-07-28 02:20:17.728 [main] WARN  o.s.s.config.annotation.web.builders.WebSecurity - You are asking Spring Security to ignore Deferred [Mvc [pattern='/user/test'], Ant [pattern='/user/test']]. This is not recommended -- please use permitAll via HttpSecurity#authorizeHttpRequests instead.
2024-07-28 02:28:28.158 [main] WARN  i.n.resolver.dns.DnsServerAddressStreamProviders - Can not find io.netty.resolver.dns.macos.MacOSDnsServerAddressStreamProvider in the classpath, fallback to system defaults. This may result in incorrect DNS resolutions on MacOS. Check whether you have a dependency on 'io.netty:netty-resolver-dns-native-macos'
2024-07-28 02:28:28.872 [main] WARN  o.s.b.w.s.c.AnnotationConfigServletWebServerApplicationContext - Exception encountered during context initialization - cancelling refresh attempt: org.springframework.beans.factory.BeanCreationException: Error creating bean with name 'authController': Injection of resource dependencies failed
2024-07-28 02:28:45.207 [main] WARN  i.n.resolver.dns.DnsServerAddressStreamProviders - Can not find io.netty.resolver.dns.macos.MacOSDnsServerAddressStreamProvider in the classpath, fallback to system defaults. This may result in incorrect DNS resolutions on MacOS. Check whether you have a dependency on 'io.netty:netty-resolver-dns-native-macos'
2024-07-28 02:28:46.108 [main] WARN  o.s.b.a.o.j.JpaBaseConfiguration$JpaWebConfiguration - spring.jpa.open-in-view is enabled by default. Therefore, database queries may be performed during view rendering. Explicitly configure spring.jpa.open-in-view to disable this warning
2024-07-28 02:28:46.495 [main] WARN  o.s.b.a.s.s.UserDetailsServiceAutoConfiguration - 

Using generated security password: 5d5c5ee5-566f-41a8-8c06-81f8953bea0d

This generated password is for development use only. Your security configuration must be updated before running your application in production.

2024-07-28 02:28:46.601 [main] WARN  o.s.s.config.annotation.web.builders.WebSecurity - You are asking Spring Security to ignore Deferred [Mvc [pattern='/v3/api-docs'], Ant [pattern='/v3/api-docs']]. This is not recommended -- please use permitAll via HttpSecurity#authorizeHttpRequests instead.
2024-07-28 02:28:46.601 [main] WARN  o.s.s.config.annotation.web.builders.WebSecurity - You are asking Spring Security to ignore Deferred [Mvc [pattern='/auth/login'], Ant [pattern='/auth/login']]. This is not recommended -- please use permitAll via HttpSecurity#authorizeHttpRequests instead.
2024-07-28 02:28:46.601 [main] WARN  o.s.s.config.annotation.web.builders.WebSecurity - You are asking Spring Security to ignore Deferred [Mvc [pattern='/user/test'], Ant [pattern='/user/test']]. This is not recommended -- please use permitAll via HttpSecurity#authorizeHttpRequests instead.
2024-07-28 08:36:04.822 [main] WARN  i.n.resolver.dns.DnsServerAddressStreamProviders - Can not find io.netty.resolver.dns.macos.MacOSDnsServerAddressStreamProvider in the classpath, fallback to system defaults. This may result in incorrect DNS resolutions on MacOS. Check whether you have a dependency on 'io.netty:netty-resolver-dns-native-macos'
2024-07-28 08:36:05.774 [main] WARN  o.s.b.a.o.j.JpaBaseConfiguration$JpaWebConfiguration - spring.jpa.open-in-view is enabled by default. Therefore, database queries may be performed during view rendering. Explicitly configure spring.jpa.open-in-view to disable this warning
2024-07-28 08:36:06.233 [main] WARN  o.s.b.a.s.s.UserDetailsServiceAutoConfiguration - 

Using generated security password: 418e7d47-2eae-497d-8312-663b5da7695f

This generated password is for development use only. Your security configuration must be updated before running your application in production.

2024-07-28 08:36:06.368 [main] WARN  o.s.s.config.annotation.web.builders.WebSecurity - You are asking Spring Security to ignore Deferred [Mvc [pattern='/v3/api-docs'], Ant [pattern='/v3/api-docs']]. This is not recommended -- please use permitAll via HttpSecurity#authorizeHttpRequests instead.
2024-07-28 08:36:06.369 [main] WARN  o.s.s.config.annotation.web.builders.WebSecurity - You are asking Spring Security to ignore Deferred [Mvc [pattern='/auth/login'], Ant [pattern='/auth/login']]. This is not recommended -- please use permitAll via HttpSecurity#authorizeHttpRequests instead.
2024-07-28 08:36:06.369 [main] WARN  o.s.s.config.annotation.web.builders.WebSecurity - You are asking Spring Security to ignore Deferred [Mvc [pattern='/user/test'], Ant [pattern='/user/test']]. This is not recommended -- please use permitAll via HttpSecurity#authorizeHttpRequests instead.
2024-07-28 08:41:05.027 [main] WARN  i.n.resolver.dns.DnsServerAddressStreamProviders - Can not find io.netty.resolver.dns.macos.MacOSDnsServerAddressStreamProvider in the classpath, fallback to system defaults. This may result in incorrect DNS resolutions on MacOS. Check whether you have a dependency on 'io.netty:netty-resolver-dns-native-macos'
2024-07-28 08:41:05.875 [main] WARN  o.s.b.a.o.j.JpaBaseConfiguration$JpaWebConfiguration - spring.jpa.open-in-view is enabled by default. Therefore, database queries may be performed during view rendering. Explicitly configure spring.jpa.open-in-view to disable this warning
2024-07-28 08:41:06.272 [main] WARN  o.s.b.a.s.s.UserDetailsServiceAutoConfiguration - 

Using generated security password: 70465cc9-e518-4455-ae31-7454ba371f42

This generated password is for development use only. Your security configuration must be updated before running your application in production.

2024-07-28 08:41:06.419 [main] WARN  o.s.s.config.annotation.web.builders.WebSecurity - You are asking Spring Security to ignore Deferred [Mvc [pattern='/v3/api-docs'], Ant [pattern='/v3/api-docs']]. This is not recommended -- please use permitAll via HttpSecurity#authorizeHttpRequests instead.
2024-07-28 08:41:06.419 [main] WARN  o.s.s.config.annotation.web.builders.WebSecurity - You are asking Spring Security to ignore Deferred [Mvc [pattern='/auth/login'], Ant [pattern='/auth/login']]. This is not recommended -- please use permitAll via HttpSecurity#authorizeHttpRequests instead.
2024-07-28 08:41:06.419 [main] WARN  o.s.s.config.annotation.web.builders.WebSecurity - You are asking Spring Security to ignore Deferred [Mvc [pattern='/user/test'], Ant [pattern='/user/test']]. This is not recommended -- please use permitAll via HttpSecurity#authorizeHttpRequests instead.
2024-07-28 08:45:02.331 [main] WARN  i.n.resolver.dns.DnsServerAddressStreamProviders - Can not find io.netty.resolver.dns.macos.MacOSDnsServerAddressStreamProvider in the classpath, fallback to system defaults. This may result in incorrect DNS resolutions on MacOS. Check whether you have a dependency on 'io.netty:netty-resolver-dns-native-macos'
2024-07-28 08:45:03.214 [main] WARN  o.s.b.a.o.j.JpaBaseConfiguration$JpaWebConfiguration - spring.jpa.open-in-view is enabled by default. Therefore, database queries may be performed during view rendering. Explicitly configure spring.jpa.open-in-view to disable this warning
2024-07-28 08:45:03.837 [main] WARN  o.s.b.a.s.s.UserDetailsServiceAutoConfiguration - 

Using generated security password: 3e58ca1b-0f38-4079-ab39-a5d5160be81e

This generated password is for development use only. Your security configuration must be updated before running your application in production.

2024-07-28 08:45:03.966 [main] WARN  o.s.s.config.annotation.web.builders.WebSecurity - You are asking Spring Security to ignore Deferred [Mvc [pattern='/v3/api-docs'], Ant [pattern='/v3/api-docs']]. This is not recommended -- please use permitAll via HttpSecurity#authorizeHttpRequests instead.
2024-07-28 08:45:03.966 [main] WARN  o.s.s.config.annotation.web.builders.WebSecurity - You are asking Spring Security to ignore Deferred [Mvc [pattern='/auth/login'], Ant [pattern='/auth/login']]. This is not recommended -- please use permitAll via HttpSecurity#authorizeHttpRequests instead.
2024-07-28 08:45:03.966 [main] WARN  o.s.s.config.annotation.web.builders.WebSecurity - You are asking Spring Security to ignore Deferred [Mvc [pattern='/user/test'], Ant [pattern='/user/test']]. This is not recommended -- please use permitAll via HttpSecurity#authorizeHttpRequests instead.
2024-07-28 08:46:37.773 [main] WARN  i.n.resolver.dns.DnsServerAddressStreamProviders - Can not find io.netty.resolver.dns.macos.MacOSDnsServerAddressStreamProvider in the classpath, fallback to system defaults. This may result in incorrect DNS resolutions on MacOS. Check whether you have a dependency on 'io.netty:netty-resolver-dns-native-macos'
2024-07-28 08:46:38.681 [main] WARN  o.s.b.a.o.j.JpaBaseConfiguration$JpaWebConfiguration - spring.jpa.open-in-view is enabled by default. Therefore, database queries may be performed during view rendering. Explicitly configure spring.jpa.open-in-view to disable this warning
2024-07-28 08:46:39.128 [main] WARN  o.s.b.a.s.s.UserDetailsServiceAutoConfiguration - 

Using generated security password: 5ec5555e-64b0-4363-9051-00c3916109a4

This generated password is for development use only. Your security configuration must be updated before running your application in production.

2024-07-28 08:46:39.231 [main] WARN  o.s.s.config.annotation.web.builders.WebSecurity - You are asking Spring Security to ignore Deferred [Mvc [pattern='/v3/api-docs'], Ant [pattern='/v3/api-docs']]. This is not recommended -- please use permitAll via HttpSecurity#authorizeHttpRequests instead.
2024-07-28 08:46:39.232 [main] WARN  o.s.s.config.annotation.web.builders.WebSecurity - You are asking Spring Security to ignore Deferred [Mvc [pattern='/auth/login'], Ant [pattern='/auth/login']]. This is not recommended -- please use permitAll via HttpSecurity#authorizeHttpRequests instead.
2024-07-28 08:46:39.232 [main] WARN  o.s.s.config.annotation.web.builders.WebSecurity - You are asking Spring Security to ignore Deferred [Mvc [pattern='/user/test'], Ant [pattern='/user/test']]. This is not recommended -- please use permitAll via HttpSecurity#authorizeHttpRequests instead.
2024-07-28 08:47:39.129 [main] WARN  i.n.resolver.dns.DnsServerAddressStreamProviders - Can not find io.netty.resolver.dns.macos.MacOSDnsServerAddressStreamProvider in the classpath, fallback to system defaults. This may result in incorrect DNS resolutions on MacOS. Check whether you have a dependency on 'io.netty:netty-resolver-dns-native-macos'
2024-07-28 08:47:40.048 [main] WARN  o.s.b.a.o.j.JpaBaseConfiguration$JpaWebConfiguration - spring.jpa.open-in-view is enabled by default. Therefore, database queries may be performed during view rendering. Explicitly configure spring.jpa.open-in-view to disable this warning
2024-07-28 08:47:40.434 [main] WARN  o.s.b.a.s.s.UserDetailsServiceAutoConfiguration - 

Using generated security password: 9012f290-94ef-40a9-b510-ec785cf8918a

This generated password is for development use only. Your security configuration must be updated before running your application in production.

2024-07-28 08:47:40.538 [main] WARN  o.s.s.config.annotation.web.builders.WebSecurity - You are asking Spring Security to ignore Deferred [Mvc [pattern='/v3/api-docs'], Ant [pattern='/v3/api-docs']]. This is not recommended -- please use permitAll via HttpSecurity#authorizeHttpRequests instead.
2024-07-28 08:47:40.539 [main] WARN  o.s.s.config.annotation.web.builders.WebSecurity - You are asking Spring Security to ignore Deferred [Mvc [pattern='/auth/login'], Ant [pattern='/auth/login']]. This is not recommended -- please use permitAll via HttpSecurity#authorizeHttpRequests instead.
2024-07-28 08:47:40.539 [main] WARN  o.s.s.config.annotation.web.builders.WebSecurity - You are asking Spring Security to ignore Deferred [Mvc [pattern='/user/test'], Ant [pattern='/user/test']]. This is not recommended -- please use permitAll via HttpSecurity#authorizeHttpRequests instead.
2024-07-28 08:49:42.308 [main] WARN  i.n.resolver.dns.DnsServerAddressStreamProviders - Can not find io.netty.resolver.dns.macos.MacOSDnsServerAddressStreamProvider in the classpath, fallback to system defaults. This may result in incorrect DNS resolutions on MacOS. Check whether you have a dependency on 'io.netty:netty-resolver-dns-native-macos'
2024-07-28 08:49:43.230 [main] WARN  o.s.b.a.o.j.JpaBaseConfiguration$JpaWebConfiguration - spring.jpa.open-in-view is enabled by default. Therefore, database queries may be performed during view rendering. Explicitly configure spring.jpa.open-in-view to disable this warning
2024-07-28 08:49:43.670 [main] WARN  o.s.b.a.s.s.UserDetailsServiceAutoConfiguration - 

Using generated security password: 9c892bf4-a833-4fa0-b10a-a8663c7961fe

This generated password is for development use only. Your security configuration must be updated before running your application in production.

2024-07-28 08:49:43.830 [main] WARN  o.s.s.config.annotation.web.builders.WebSecurity - You are asking Spring Security to ignore Deferred [Mvc [pattern='/v3/api-docs'], Ant [pattern='/v3/api-docs']]. This is not recommended -- please use permitAll via HttpSecurity#authorizeHttpRequests instead.
2024-07-28 08:49:43.830 [main] WARN  o.s.s.config.annotation.web.builders.WebSecurity - You are asking Spring Security to ignore Deferred [Mvc [pattern='/auth/login'], Ant [pattern='/auth/login']]. This is not recommended -- please use permitAll via HttpSecurity#authorizeHttpRequests instead.
2024-07-28 08:49:43.830 [main] WARN  o.s.s.config.annotation.web.builders.WebSecurity - You are asking Spring Security to ignore Deferred [Mvc [pattern='/user/test'], Ant [pattern='/user/test']]. This is not recommended -- please use permitAll via HttpSecurity#authorizeHttpRequests instead.
2024-07-28 08:54:36.315 [main] WARN  i.n.resolver.dns.DnsServerAddressStreamProviders - Can not find io.netty.resolver.dns.macos.MacOSDnsServerAddressStreamProvider in the classpath, fallback to system defaults. This may result in incorrect DNS resolutions on MacOS. Check whether you have a dependency on 'io.netty:netty-resolver-dns-native-macos'
2024-07-28 08:54:37.221 [main] WARN  o.s.b.a.o.j.JpaBaseConfiguration$JpaWebConfiguration - spring.jpa.open-in-view is enabled by default. Therefore, database queries may be performed during view rendering. Explicitly configure spring.jpa.open-in-view to disable this warning
2024-07-28 08:54:37.619 [main] WARN  o.s.b.a.s.s.UserDetailsServiceAutoConfiguration - 

Using generated security password: 2e3632e4-53a0-401a-910a-18d76295e25d

This generated password is for development use only. Your security configuration must be updated before running your application in production.

2024-07-28 08:54:37.742 [main] WARN  o.s.s.config.annotation.web.builders.WebSecurity - You are asking Spring Security to ignore Deferred [Mvc [pattern='/v3/api-docs'], Ant [pattern='/v3/api-docs']]. This is not recommended -- please use permitAll via HttpSecurity#authorizeHttpRequests instead.
2024-07-28 08:54:37.743 [main] WARN  o.s.s.config.annotation.web.builders.WebSecurity - You are asking Spring Security to ignore Deferred [Mvc [pattern='/auth/login'], Ant [pattern='/auth/login']]. This is not recommended -- please use permitAll via HttpSecurity#authorizeHttpRequests instead.
2024-07-28 08:54:37.743 [main] WARN  o.s.s.config.annotation.web.builders.WebSecurity - You are asking Spring Security to ignore Deferred [Mvc [pattern='/user/test'], Ant [pattern='/user/test']]. This is not recommended -- please use permitAll via HttpSecurity#authorizeHttpRequests instead.
2024-07-28 08:55:41.210 [main] WARN  i.n.resolver.dns.DnsServerAddressStreamProviders - Can not find io.netty.resolver.dns.macos.MacOSDnsServerAddressStreamProvider in the classpath, fallback to system defaults. This may result in incorrect DNS resolutions on MacOS. Check whether you have a dependency on 'io.netty:netty-resolver-dns-native-macos'
2024-07-28 08:55:42.071 [main] WARN  o.s.b.a.o.j.JpaBaseConfiguration$JpaWebConfiguration - spring.jpa.open-in-view is enabled by default. Therefore, database queries may be performed during view rendering. Explicitly configure spring.jpa.open-in-view to disable this warning
2024-07-28 08:55:42.468 [main] WARN  o.s.b.a.s.s.UserDetailsServiceAutoConfiguration - 

Using generated security password: f632a4e5-7a5d-471a-8674-8fbf5b270ece

This generated password is for development use only. Your security configuration must be updated before running your application in production.

2024-07-28 08:55:42.569 [main] WARN  o.s.s.config.annotation.web.builders.WebSecurity - You are asking Spring Security to ignore Deferred [Mvc [pattern='/v3/api-docs'], Ant [pattern='/v3/api-docs']]. This is not recommended -- please use permitAll via HttpSecurity#authorizeHttpRequests instead.
2024-07-28 08:55:42.569 [main] WARN  o.s.s.config.annotation.web.builders.WebSecurity - You are asking Spring Security to ignore Deferred [Mvc [pattern='/auth/login'], Ant [pattern='/auth/login']]. This is not recommended -- please use permitAll via HttpSecurity#authorizeHttpRequests instead.
2024-07-28 08:55:42.569 [main] WARN  o.s.s.config.annotation.web.builders.WebSecurity - You are asking Spring Security to ignore Deferred [Mvc [pattern='/user/test'], Ant [pattern='/user/test']]. This is not recommended -- please use permitAll via HttpSecurity#authorizeHttpRequests instead.
2024-07-28 08:58:56.606 [main] WARN  i.n.resolver.dns.DnsServerAddressStreamProviders - Can not find io.netty.resolver.dns.macos.MacOSDnsServerAddressStreamProvider in the classpath, fallback to system defaults. This may result in incorrect DNS resolutions on MacOS. Check whether you have a dependency on 'io.netty:netty-resolver-dns-native-macos'
2024-07-28 08:58:57.507 [main] WARN  o.s.b.a.o.j.JpaBaseConfiguration$JpaWebConfiguration - spring.jpa.open-in-view is enabled by default. Therefore, database queries may be performed during view rendering. Explicitly configure spring.jpa.open-in-view to disable this warning
2024-07-28 08:58:57.912 [main] WARN  o.s.b.a.s.s.UserDetailsServiceAutoConfiguration - 

Using generated security password: 4c6842b8-2f72-492a-9144-1f6df31ac89c

This generated password is for development use only. Your security configuration must be updated before running your application in production.

2024-07-28 08:58:58.020 [main] WARN  o.s.s.config.annotation.web.builders.WebSecurity - You are asking Spring Security to ignore Deferred [Mvc [pattern='/v3/api-docs'], Ant [pattern='/v3/api-docs']]. This is not recommended -- please use permitAll via HttpSecurity#authorizeHttpRequests instead.
2024-07-28 08:58:58.020 [main] WARN  o.s.s.config.annotation.web.builders.WebSecurity - You are asking Spring Security to ignore Deferred [Mvc [pattern='/auth/login'], Ant [pattern='/auth/login']]. This is not recommended -- please use permitAll via HttpSecurity#authorizeHttpRequests instead.
2024-07-28 08:58:58.020 [main] WARN  o.s.s.config.annotation.web.builders.WebSecurity - You are asking Spring Security to ignore Deferred [Mvc [pattern='/user/test'], Ant [pattern='/user/test']]. This is not recommended -- please use permitAll via HttpSecurity#authorizeHttpRequests instead.
2024-07-28 09:03:34.013 [main] WARN  i.n.resolver.dns.DnsServerAddressStreamProviders - Can not find io.netty.resolver.dns.macos.MacOSDnsServerAddressStreamProvider in the classpath, fallback to system defaults. This may result in incorrect DNS resolutions on MacOS. Check whether you have a dependency on 'io.netty:netty-resolver-dns-native-macos'
2024-07-28 09:03:34.892 [main] WARN  o.s.b.a.o.j.JpaBaseConfiguration$JpaWebConfiguration - spring.jpa.open-in-view is enabled by default. Therefore, database queries may be performed during view rendering. Explicitly configure spring.jpa.open-in-view to disable this warning
2024-07-28 09:03:35.282 [main] WARN  o.s.b.a.s.s.UserDetailsServiceAutoConfiguration - 

Using generated security password: 8d054aa9-f6a6-47ef-a332-f91aecfcdc16

This generated password is for development use only. Your security configuration must be updated before running your application in production.

2024-07-28 09:03:35.390 [main] WARN  o.s.s.config.annotation.web.builders.WebSecurity - You are asking Spring Security to ignore Deferred [Mvc [pattern='/v3/api-docs'], Ant [pattern='/v3/api-docs']]. This is not recommended -- please use permitAll via HttpSecurity#authorizeHttpRequests instead.
2024-07-28 09:03:35.391 [main] WARN  o.s.s.config.annotation.web.builders.WebSecurity - You are asking Spring Security to ignore Deferred [Mvc [pattern='/auth/login'], Ant [pattern='/auth/login']]. This is not recommended -- please use permitAll via HttpSecurity#authorizeHttpRequests instead.
2024-07-28 09:03:35.391 [main] WARN  o.s.s.config.annotation.web.builders.WebSecurity - You are asking Spring Security to ignore Deferred [Mvc [pattern='/user/test'], Ant [pattern='/user/test']]. This is not recommended -- please use permitAll via HttpSecurity#authorizeHttpRequests instead.
2024-07-28 09:32:35.043 [main] WARN  i.n.resolver.dns.DnsServerAddressStreamProviders - Can not find io.netty.resolver.dns.macos.MacOSDnsServerAddressStreamProvider in the classpath, fallback to system defaults. This may result in incorrect DNS resolutions on MacOS. Check whether you have a dependency on 'io.netty:netty-resolver-dns-native-macos'
2024-07-28 09:32:37.511 [main] WARN  o.s.b.a.o.j.JpaBaseConfiguration$JpaWebConfiguration - spring.jpa.open-in-view is enabled by default. Therefore, database queries may be performed during view rendering. Explicitly configure spring.jpa.open-in-view to disable this warning
2024-07-28 09:32:37.756 [main] WARN  o.s.s.config.annotation.web.builders.WebSecurity - You are asking Spring Security to ignore Deferred [Mvc [pattern='/v3/api-docs'], Ant [pattern='/v3/api-docs']]. This is not recommended -- please use permitAll via HttpSecurity#authorizeHttpRequests instead.
2024-07-28 09:32:37.757 [main] WARN  o.s.s.config.annotation.web.builders.WebSecurity - You are asking Spring Security to ignore Deferred [Mvc [pattern='/auth/login'], Ant [pattern='/auth/login']]. This is not recommended -- please use permitAll via HttpSecurity#authorizeHttpRequests instead.
2024-07-28 09:32:37.757 [main] WARN  o.s.s.config.annotation.web.builders.WebSecurity - You are asking Spring Security to ignore Deferred [Mvc [pattern='/user/test'], Ant [pattern='/user/test']]. This is not recommended -- please use permitAll via HttpSecurity#authorizeHttpRequests instead.
2024-07-28 09:40:08.255 [main] WARN  i.n.resolver.dns.DnsServerAddressStreamProviders - Can not find io.netty.resolver.dns.macos.MacOSDnsServerAddressStreamProvider in the classpath, fallback to system defaults. This may result in incorrect DNS resolutions on MacOS. Check whether you have a dependency on 'io.netty:netty-resolver-dns-native-macos'
2024-07-28 09:40:10.646 [main] WARN  o.s.b.a.o.j.JpaBaseConfiguration$JpaWebConfiguration - spring.jpa.open-in-view is enabled by default. Therefore, database queries may be performed during view rendering. Explicitly configure spring.jpa.open-in-view to disable this warning
2024-07-28 09:41:06.720 [main] WARN  i.n.resolver.dns.DnsServerAddressStreamProviders - Can not find io.netty.resolver.dns.macos.MacOSDnsServerAddressStreamProvider in the classpath, fallback to system defaults. This may result in incorrect DNS resolutions on MacOS. Check whether you have a dependency on 'io.netty:netty-resolver-dns-native-macos'
2024-07-28 09:41:09.100 [main] WARN  o.s.b.a.o.j.JpaBaseConfiguration$JpaWebConfiguration - spring.jpa.open-in-view is enabled by default. Therefore, database queries may be performed during view rendering. Explicitly configure spring.jpa.open-in-view to disable this warning
2024-07-28 09:41:33.488 [main] WARN  i.n.resolver.dns.DnsServerAddressStreamProviders - Can not find io.netty.resolver.dns.macos.MacOSDnsServerAddressStreamProvider in the classpath, fallback to system defaults. This may result in incorrect DNS resolutions on MacOS. Check whether you have a dependency on 'io.netty:netty-resolver-dns-native-macos'
2024-07-28 09:41:35.843 [main] WARN  o.s.b.a.o.j.JpaBaseConfiguration$JpaWebConfiguration - spring.jpa.open-in-view is enabled by default. Therefore, database queries may be performed during view rendering. Explicitly configure spring.jpa.open-in-view to disable this warning
2024-07-28 09:49:50.564 [main] WARN  i.n.resolver.dns.DnsServerAddressStreamProviders - Can not find io.netty.resolver.dns.macos.MacOSDnsServerAddressStreamProvider in the classpath, fallback to system defaults. This may result in incorrect DNS resolutions on MacOS. Check whether you have a dependency on 'io.netty:netty-resolver-dns-native-macos'
2024-07-28 09:49:52.909 [main] WARN  o.s.b.a.o.j.JpaBaseConfiguration$JpaWebConfiguration - spring.jpa.open-in-view is enabled by default. Therefore, database queries may be performed during view rendering. Explicitly configure spring.jpa.open-in-view to disable this warning
2024-07-28 09:51:59.181 [main] WARN  i.n.resolver.dns.DnsServerAddressStreamProviders - Can not find io.netty.resolver.dns.macos.MacOSDnsServerAddressStreamProvider in the classpath, fallback to system defaults. This may result in incorrect DNS resolutions on MacOS. Check whether you have a dependency on 'io.netty:netty-resolver-dns-native-macos'
2024-07-28 09:52:01.569 [main] WARN  o.s.b.a.o.j.JpaBaseConfiguration$JpaWebConfiguration - spring.jpa.open-in-view is enabled by default. Therefore, database queries may be performed during view rendering. Explicitly configure spring.jpa.open-in-view to disable this warning
2024-07-28 09:53:28.686 [main] WARN  i.n.resolver.dns.DnsServerAddressStreamProviders - Can not find io.netty.resolver.dns.macos.MacOSDnsServerAddressStreamProvider in the classpath, fallback to system defaults. This may result in incorrect DNS resolutions on MacOS. Check whether you have a dependency on 'io.netty:netty-resolver-dns-native-macos'
2024-07-28 09:53:31.173 [main] WARN  o.s.b.a.o.j.JpaBaseConfiguration$JpaWebConfiguration - spring.jpa.open-in-view is enabled by default. Therefore, database queries may be performed during view rendering. Explicitly configure spring.jpa.open-in-view to disable this warning
2024-07-28 09:54:38.764 [main] WARN  i.n.resolver.dns.DnsServerAddressStreamProviders - Can not find io.netty.resolver.dns.macos.MacOSDnsServerAddressStreamProvider in the classpath, fallback to system defaults. This may result in incorrect DNS resolutions on MacOS. Check whether you have a dependency on 'io.netty:netty-resolver-dns-native-macos'
2024-07-28 09:54:41.476 [main] WARN  o.s.b.a.o.j.JpaBaseConfiguration$JpaWebConfiguration - spring.jpa.open-in-view is enabled by default. Therefore, database queries may be performed during view rendering. Explicitly configure spring.jpa.open-in-view to disable this warning
2024-07-28 09:58:02.818 [main] WARN  i.n.resolver.dns.DnsServerAddressStreamProviders - Can not find io.netty.resolver.dns.macos.MacOSDnsServerAddressStreamProvider in the classpath, fallback to system defaults. This may result in incorrect DNS resolutions on MacOS. Check whether you have a dependency on 'io.netty:netty-resolver-dns-native-macos'
2024-07-28 09:58:05.088 [main] WARN  o.s.b.a.o.j.JpaBaseConfiguration$JpaWebConfiguration - spring.jpa.open-in-view is enabled by default. Therefore, database queries may be performed during view rendering. Explicitly configure spring.jpa.open-in-view to disable this warning
2024-07-28 09:59:27.643 [main] WARN  i.n.resolver.dns.DnsServerAddressStreamProviders - Can not find io.netty.resolver.dns.macos.MacOSDnsServerAddressStreamProvider in the classpath, fallback to system defaults. This may result in incorrect DNS resolutions on MacOS. Check whether you have a dependency on 'io.netty:netty-resolver-dns-native-macos'
2024-07-28 09:59:30.065 [main] WARN  o.s.b.a.o.j.JpaBaseConfiguration$JpaWebConfiguration - spring.jpa.open-in-view is enabled by default. Therefore, database queries may be performed during view rendering. Explicitly configure spring.jpa.open-in-view to disable this warning
