2024-07-27 00:16:54.544 [main] WARN  o.s.b.a.o.j.JpaBaseConfiguration$JpaWebConfiguration - spring.jpa.open-in-view is enabled by default. Therefore, database queries may be performed during view rendering. Explicitly configure spring.jpa.open-in-view to disable this warning
2024-07-27 10:56:23.816 [main] WARN  o.s.b.a.o.j.JpaBaseConfiguration$JpaWebConfiguration - spring.jpa.open-in-view is enabled by default. Therefore, database queries may be performed during view rendering. Explicitly configure spring.jpa.open-in-view to disable this warning
2024-07-27 10:56:43.182 [main] WARN  o.s.b.a.o.j.JpaBaseConfiguration$JpaWebConfiguration - spring.jpa.open-in-view is enabled by default. Therefore, database queries may be performed during view rendering. Explicitly configure spring.jpa.open-in-view to disable this warning
2024-07-27 10:57:34.591 [main] WARN  o.s.b.w.s.c.AnnotationConfigServletWebServerApplicationContext - Exception encountered during context initialization - cancelling refresh attempt: org.springframework.beans.factory.BeanDefinitionStoreException: I/O failure while processing configuration class [com.leuan.lepton.LeptonApplication]
2024-07-27 10:59:52.945 [main] WARN  o.s.b.a.o.j.JpaBaseConfiguration$JpaWebConfiguration - spring.jpa.open-in-view is enabled by default. Therefore, database queries may be performed during view rendering. Explicitly configure spring.jpa.open-in-view to disable this warning
2024-07-27 11:00:21.168 [main] WARN  o.s.b.a.o.j.JpaBaseConfiguration$JpaWebConfiguration - spring.jpa.open-in-view is enabled by default. Therefore, database queries may be performed during view rendering. Explicitly configure spring.jpa.open-in-view to disable this warning
2024-07-27 11:01:33.747 [main] WARN  o.s.b.a.o.j.JpaBaseConfiguration$JpaWebConfiguration - spring.jpa.open-in-view is enabled by default. Therefore, database queries may be performed during view rendering. Explicitly configure spring.jpa.open-in-view to disable this warning
2024-07-27 11:01:59.822 [main] WARN  o.s.b.a.o.j.JpaBaseConfiguration$JpaWebConfiguration - spring.jpa.open-in-view is enabled by default. Therefore, database queries may be performed during view rendering. Explicitly configure spring.jpa.open-in-view to disable this warning
2024-07-27 11:14:56.560 [main] WARN  o.s.b.a.o.j.JpaBaseConfiguration$JpaWebConfiguration - spring.jpa.open-in-view is enabled by default. Therefore, database queries may be performed during view rendering. Explicitly configure spring.jpa.open-in-view to disable this warning
2024-07-27 11:15:28.339 [main] WARN  o.s.b.a.o.j.JpaBaseConfiguration$JpaWebConfiguration - spring.jpa.open-in-view is enabled by default. Therefore, database queries may be performed during view rendering. Explicitly configure spring.jpa.open-in-view to disable this warning
2024-07-27 11:29:24.773 [main] WARN  o.s.b.a.o.j.JpaBaseConfiguration$JpaWebConfiguration - spring.jpa.open-in-view is enabled by default. Therefore, database queries may be performed during view rendering. Explicitly configure spring.jpa.open-in-view to disable this warning
2024-07-27 11:30:15.672 [main] WARN  o.s.b.a.o.j.JpaBaseConfiguration$JpaWebConfiguration - spring.jpa.open-in-view is enabled by default. Therefore, database queries may be performed during view rendering. Explicitly configure spring.jpa.open-in-view to disable this warning
2024-07-27 12:10:36.240 [main] WARN  o.s.b.a.o.j.JpaBaseConfiguration$JpaWebConfiguration - spring.jpa.open-in-view is enabled by default. Therefore, database queries may be performed during view rendering. Explicitly configure spring.jpa.open-in-view to disable this warning
2024-07-27 12:15:47.928 [main] WARN  o.s.b.a.o.j.JpaBaseConfiguration$JpaWebConfiguration - spring.jpa.open-in-view is enabled by default. Therefore, database queries may be performed during view rendering. Explicitly configure spring.jpa.open-in-view to disable this warning
2024-07-27 12:16:33.897 [main] WARN  o.s.b.a.o.j.JpaBaseConfiguration$JpaWebConfiguration - spring.jpa.open-in-view is enabled by default. Therefore, database queries may be performed during view rendering. Explicitly configure spring.jpa.open-in-view to disable this warning
2024-07-27 12:17:46.190 [main] WARN  o.s.b.a.o.j.JpaBaseConfiguration$JpaWebConfiguration - spring.jpa.open-in-view is enabled by default. Therefore, database queries may be performed during view rendering. Explicitly configure spring.jpa.open-in-view to disable this warning
2024-07-27 19:59:34.394 [main] WARN  o.s.b.a.o.j.JpaBaseConfiguration$JpaWebConfiguration - spring.jpa.open-in-view is enabled by default. Therefore, database queries may be performed during view rendering. Explicitly configure spring.jpa.open-in-view to disable this warning
2024-07-27 20:17:11.648 [main] WARN  o.s.b.a.o.j.JpaBaseConfiguration$JpaWebConfiguration - spring.jpa.open-in-view is enabled by default. Therefore, database queries may be performed during view rendering. Explicitly configure spring.jpa.open-in-view to disable this warning
2024-07-27 20:17:11.815 [main] WARN  o.s.b.a.s.s.UserDetailsServiceAutoConfiguration - 

Using generated security password: 68ade232-8058-4d42-930c-fc820f280124

This generated password is for development use only. Your security configuration must be updated before running your application in production.

2024-07-27 20:26:14.565 [main] WARN  o.s.b.a.o.j.JpaBaseConfiguration$JpaWebConfiguration - spring.jpa.open-in-view is enabled by default. Therefore, database queries may be performed during view rendering. Explicitly configure spring.jpa.open-in-view to disable this warning
2024-07-27 20:26:14.730 [main] WARN  o.s.b.a.s.s.UserDetailsServiceAutoConfiguration - 

Using generated security password: 41b3fa66-c9b7-4533-ae55-fec6c01ae005

This generated password is for development use only. Your security configuration must be updated before running your application in production.

2024-07-27 20:26:14.775 [main] WARN  o.s.s.config.annotation.web.builders.WebSecurity - You are asking Spring Security to ignore Deferred [Mvc [pattern='/v3/api-docs'], Ant [pattern='/v3/api-docs']]. This is not recommended -- please use permitAll via HttpSecurity#authorizeHttpRequests instead.
2024-07-27 20:26:14.775 [main] WARN  o.s.s.config.annotation.web.builders.WebSecurity - You are asking Spring Security to ignore Deferred [Mvc [pattern='/auth/login'], Ant [pattern='/auth/login']]. This is not recommended -- please use permitAll via HttpSecurity#authorizeHttpRequests instead.
2024-07-27 20:27:16.476 [main] WARN  o.s.b.a.o.j.JpaBaseConfiguration$JpaWebConfiguration - spring.jpa.open-in-view is enabled by default. Therefore, database queries may be performed during view rendering. Explicitly configure spring.jpa.open-in-view to disable this warning
2024-07-27 20:27:16.663 [main] WARN  o.s.b.a.s.s.UserDetailsServiceAutoConfiguration - 

Using generated security password: fdd8c53b-e895-4e88-a202-ad8f0d5964aa

This generated password is for development use only. Your security configuration must be updated before running your application in production.

2024-07-27 20:27:16.711 [main] WARN  o.s.s.config.annotation.web.builders.WebSecurity - You are asking Spring Security to ignore Deferred [Mvc [pattern='/v3/api-docs'], Ant [pattern='/v3/api-docs']]. This is not recommended -- please use permitAll via HttpSecurity#authorizeHttpRequests instead.
2024-07-27 20:27:16.711 [main] WARN  o.s.s.config.annotation.web.builders.WebSecurity - You are asking Spring Security to ignore Deferred [Mvc [pattern='/auth/login'], Ant [pattern='/auth/login']]. This is not recommended -- please use permitAll via HttpSecurity#authorizeHttpRequests instead.
2024-07-27 20:28:08.743 [main] WARN  o.s.b.a.o.j.JpaBaseConfiguration$JpaWebConfiguration - spring.jpa.open-in-view is enabled by default. Therefore, database queries may be performed during view rendering. Explicitly configure spring.jpa.open-in-view to disable this warning
2024-07-27 20:28:08.908 [main] WARN  o.s.b.a.s.s.UserDetailsServiceAutoConfiguration - 

Using generated security password: 323263ac-d433-4645-a6f0-6433ae8eade8

This generated password is for development use only. Your security configuration must be updated before running your application in production.

2024-07-27 20:28:08.952 [main] WARN  o.s.s.config.annotation.web.builders.WebSecurity - You are asking Spring Security to ignore Deferred [Mvc [pattern='/v3/api-docs'], Ant [pattern='/v3/api-docs']]. This is not recommended -- please use permitAll via HttpSecurity#authorizeHttpRequests instead.
2024-07-27 20:28:08.953 [main] WARN  o.s.s.config.annotation.web.builders.WebSecurity - You are asking Spring Security to ignore Deferred [Mvc [pattern='/auth/login'], Ant [pattern='/auth/login']]. This is not recommended -- please use permitAll via HttpSecurity#authorizeHttpRequests instead.
2024-07-27 20:29:10.298 [main] WARN  o.s.b.a.o.j.JpaBaseConfiguration$JpaWebConfiguration - spring.jpa.open-in-view is enabled by default. Therefore, database queries may be performed during view rendering. Explicitly configure spring.jpa.open-in-view to disable this warning
2024-07-27 20:29:10.571 [main] WARN  o.s.b.a.s.s.UserDetailsServiceAutoConfiguration - 

Using generated security password: 5bf01ea9-7fb1-40ae-b0c7-21ce8b5614ec

This generated password is for development use only. Your security configuration must be updated before running your application in production.

2024-07-27 20:29:10.620 [main] WARN  o.s.s.config.annotation.web.builders.WebSecurity - You are asking Spring Security to ignore Deferred [Mvc [pattern='/v3/api-docs'], Ant [pattern='/v3/api-docs']]. This is not recommended -- please use permitAll via HttpSecurity#authorizeHttpRequests instead.
2024-07-27 20:29:10.620 [main] WARN  o.s.s.config.annotation.web.builders.WebSecurity - You are asking Spring Security to ignore Deferred [Mvc [pattern='/auth/login'], Ant [pattern='/auth/login']]. This is not recommended -- please use permitAll via HttpSecurity#authorizeHttpRequests instead.
2024-07-27 20:29:33.265 [main] WARN  o.s.b.a.o.j.JpaBaseConfiguration$JpaWebConfiguration - spring.jpa.open-in-view is enabled by default. Therefore, database queries may be performed during view rendering. Explicitly configure spring.jpa.open-in-view to disable this warning
2024-07-27 20:29:33.427 [main] WARN  o.s.b.a.s.s.UserDetailsServiceAutoConfiguration - 

Using generated security password: d5a15242-241a-4e5e-8915-e5da699f83db

This generated password is for development use only. Your security configuration must be updated before running your application in production.

2024-07-27 20:29:33.473 [main] WARN  o.s.s.config.annotation.web.builders.WebSecurity - You are asking Spring Security to ignore Deferred [Mvc [pattern='/v3/api-docs'], Ant [pattern='/v3/api-docs']]. This is not recommended -- please use permitAll via HttpSecurity#authorizeHttpRequests instead.
2024-07-27 20:29:33.473 [main] WARN  o.s.s.config.annotation.web.builders.WebSecurity - You are asking Spring Security to ignore Deferred [Mvc [pattern='/auth/login'], Ant [pattern='/auth/login']]. This is not recommended -- please use permitAll via HttpSecurity#authorizeHttpRequests instead.
2024-07-27 20:30:12.062 [main] WARN  o.s.b.a.o.j.JpaBaseConfiguration$JpaWebConfiguration - spring.jpa.open-in-view is enabled by default. Therefore, database queries may be performed during view rendering. Explicitly configure spring.jpa.open-in-view to disable this warning
2024-07-27 20:30:12.242 [main] WARN  o.s.b.a.s.s.UserDetailsServiceAutoConfiguration - 

Using generated security password: 936749ba-9106-4c51-a308-5c70cc6788fa

This generated password is for development use only. Your security configuration must be updated before running your application in production.

2024-07-27 20:30:12.292 [main] WARN  o.s.s.config.annotation.web.builders.WebSecurity - You are asking Spring Security to ignore Deferred [Mvc [pattern='/v3/api-docs'], Ant [pattern='/v3/api-docs']]. This is not recommended -- please use permitAll via HttpSecurity#authorizeHttpRequests instead.
2024-07-27 20:30:12.292 [main] WARN  o.s.s.config.annotation.web.builders.WebSecurity - You are asking Spring Security to ignore Deferred [Mvc [pattern='/auth/login'], Ant [pattern='/auth/login']]. This is not recommended -- please use permitAll via HttpSecurity#authorizeHttpRequests instead.
2024-07-27 20:31:46.056 [main] WARN  o.s.b.w.s.c.AnnotationConfigServletWebServerApplicationContext - Exception encountered during context initialization - cancelling refresh attempt: org.springframework.beans.factory.BeanCreationException: Error creating bean with name 'authController': Injection of resource dependencies failed
2024-07-27 20:31:53.105 [main] WARN  o.s.b.a.o.j.JpaBaseConfiguration$JpaWebConfiguration - spring.jpa.open-in-view is enabled by default. Therefore, database queries may be performed during view rendering. Explicitly configure spring.jpa.open-in-view to disable this warning
2024-07-27 20:31:53.354 [main] WARN  o.s.b.a.s.s.UserDetailsServiceAutoConfiguration - 

Using generated security password: f1540f74-c672-464c-a580-0659d9eeaa12

This generated password is for development use only. Your security configuration must be updated before running your application in production.

2024-07-27 20:31:53.412 [main] WARN  o.s.s.config.annotation.web.builders.WebSecurity - You are asking Spring Security to ignore Deferred [Mvc [pattern='/v3/api-docs'], Ant [pattern='/v3/api-docs']]. This is not recommended -- please use permitAll via HttpSecurity#authorizeHttpRequests instead.
2024-07-27 20:31:53.413 [main] WARN  o.s.s.config.annotation.web.builders.WebSecurity - You are asking Spring Security to ignore Deferred [Mvc [pattern='/auth/login'], Ant [pattern='/auth/login']]. This is not recommended -- please use permitAll via HttpSecurity#authorizeHttpRequests instead.
2024-07-27 20:34:19.393 [main] WARN  o.s.b.a.o.j.JpaBaseConfiguration$JpaWebConfiguration - spring.jpa.open-in-view is enabled by default. Therefore, database queries may be performed during view rendering. Explicitly configure spring.jpa.open-in-view to disable this warning
2024-07-27 20:34:19.590 [main] WARN  o.s.b.a.s.s.UserDetailsServiceAutoConfiguration - 

Using generated security password: 4ffc42a6-8d08-4ac0-83d4-a82e01ab2a34

This generated password is for development use only. Your security configuration must be updated before running your application in production.

2024-07-27 20:34:19.633 [main] WARN  o.s.s.config.annotation.web.builders.WebSecurity - You are asking Spring Security to ignore Deferred [Mvc [pattern='/v3/api-docs'], Ant [pattern='/v3/api-docs']]. This is not recommended -- please use permitAll via HttpSecurity#authorizeHttpRequests instead.
2024-07-27 20:34:19.633 [main] WARN  o.s.s.config.annotation.web.builders.WebSecurity - You are asking Spring Security to ignore Deferred [Mvc [pattern='/auth/login'], Ant [pattern='/auth/login']]. This is not recommended -- please use permitAll via HttpSecurity#authorizeHttpRequests instead.
2024-07-27 21:58:46.753 [main] WARN  o.s.b.w.s.c.AnnotationConfigServletWebServerApplicationContext - Exception encountered during context initialization - cancelling refresh attempt: org.springframework.beans.factory.BeanCreationException: Error creating bean with name 'authController': Injection of resource dependencies failed
2024-07-27 21:58:52.602 [main] WARN  o.s.b.a.o.j.JpaBaseConfiguration$JpaWebConfiguration - spring.jpa.open-in-view is enabled by default. Therefore, database queries may be performed during view rendering. Explicitly configure spring.jpa.open-in-view to disable this warning
2024-07-27 21:58:52.790 [main] WARN  o.s.b.a.s.s.UserDetailsServiceAutoConfiguration - 

Using generated security password: 46568467-1c0e-4ae2-a3d3-92d2e2cb3892

This generated password is for development use only. Your security configuration must be updated before running your application in production.

2024-07-27 21:58:52.852 [main] WARN  o.s.s.config.annotation.web.builders.WebSecurity - You are asking Spring Security to ignore Deferred [Mvc [pattern='/v3/api-docs'], Ant [pattern='/v3/api-docs']]. This is not recommended -- please use permitAll via HttpSecurity#authorizeHttpRequests instead.
2024-07-27 21:58:52.853 [main] WARN  o.s.s.config.annotation.web.builders.WebSecurity - You are asking Spring Security to ignore Deferred [Mvc [pattern='/auth/login'], Ant [pattern='/auth/login']]. This is not recommended -- please use permitAll via HttpSecurity#authorizeHttpRequests instead.
2024-07-27 22:27:12.104 [main] WARN  o.s.b.a.o.j.JpaBaseConfiguration$JpaWebConfiguration - spring.jpa.open-in-view is enabled by default. Therefore, database queries may be performed during view rendering. Explicitly configure spring.jpa.open-in-view to disable this warning
2024-07-27 22:27:12.275 [main] WARN  o.s.b.a.s.s.UserDetailsServiceAutoConfiguration - 

Using generated security password: ca316080-d1e2-49be-a553-01a83ff28103

This generated password is for development use only. Your security configuration must be updated before running your application in production.

2024-07-27 22:27:12.318 [main] WARN  o.s.s.config.annotation.web.builders.WebSecurity - You are asking Spring Security to ignore Deferred [Mvc [pattern='/v3/api-docs'], Ant [pattern='/v3/api-docs']]. This is not recommended -- please use permitAll via HttpSecurity#authorizeHttpRequests instead.
2024-07-27 22:27:12.319 [main] WARN  o.s.s.config.annotation.web.builders.WebSecurity - You are asking Spring Security to ignore Deferred [Mvc [pattern='/auth/login'], Ant [pattern='/auth/login']]. This is not recommended -- please use permitAll via HttpSecurity#authorizeHttpRequests instead.
2024-07-27 22:28:40.959 [main] WARN  o.s.b.w.s.c.AnnotationConfigServletWebServerApplicationContext - Exception encountered during context initialization - cancelling refresh attempt: org.springframework.beans.factory.BeanCreationException: Error creating bean with name 'authController': Injection of resource dependencies failed
2024-07-27 22:28:47.534 [main] WARN  o.s.b.a.o.j.JpaBaseConfiguration$JpaWebConfiguration - spring.jpa.open-in-view is enabled by default. Therefore, database queries may be performed during view rendering. Explicitly configure spring.jpa.open-in-view to disable this warning
2024-07-27 22:28:47.807 [main] WARN  o.s.b.a.s.s.UserDetailsServiceAutoConfiguration - 

Using generated security password: 92b97561-9ef2-43a8-90ac-ad167cf6504b

This generated password is for development use only. Your security configuration must be updated before running your application in production.

2024-07-27 22:28:47.865 [main] WARN  o.s.s.config.annotation.web.builders.WebSecurity - You are asking Spring Security to ignore Deferred [Mvc [pattern='/v3/api-docs'], Ant [pattern='/v3/api-docs']]. This is not recommended -- please use permitAll via HttpSecurity#authorizeHttpRequests instead.
2024-07-27 22:28:47.865 [main] WARN  o.s.s.config.annotation.web.builders.WebSecurity - You are asking Spring Security to ignore Deferred [Mvc [pattern='/auth/login'], Ant [pattern='/auth/login']]. This is not recommended -- please use permitAll via HttpSecurity#authorizeHttpRequests instead.
2024-07-27 22:31:32.539 [main] WARN  o.s.b.a.o.j.JpaBaseConfiguration$JpaWebConfiguration - spring.jpa.open-in-view is enabled by default. Therefore, database queries may be performed during view rendering. Explicitly configure spring.jpa.open-in-view to disable this warning
2024-07-27 22:31:32.727 [main] WARN  o.s.b.a.s.s.UserDetailsServiceAutoConfiguration - 

Using generated security password: 0dd644e7-99ac-4e67-aa63-0e0e4ecc5b48

This generated password is for development use only. Your security configuration must be updated before running your application in production.

2024-07-27 22:31:32.777 [main] WARN  o.s.s.config.annotation.web.builders.WebSecurity - You are asking Spring Security to ignore Deferred [Mvc [pattern='/v3/api-docs'], Ant [pattern='/v3/api-docs']]. This is not recommended -- please use permitAll via HttpSecurity#authorizeHttpRequests instead.
2024-07-27 22:31:32.778 [main] WARN  o.s.s.config.annotation.web.builders.WebSecurity - You are asking Spring Security to ignore Deferred [Mvc [pattern='/auth/login'], Ant [pattern='/auth/login']]. This is not recommended -- please use permitAll via HttpSecurity#authorizeHttpRequests instead.
2024-07-27 22:32:09.610 [main] WARN  o.s.b.w.s.c.AnnotationConfigServletWebServerApplicationContext - Exception encountered during context initialization - cancelling refresh attempt: org.springframework.beans.factory.BeanCreationException: Error creating bean with name 'authController': Injection of resource dependencies failed
2024-07-27 22:32:18.203 [main] WARN  o.s.b.a.o.j.JpaBaseConfiguration$JpaWebConfiguration - spring.jpa.open-in-view is enabled by default. Therefore, database queries may be performed during view rendering. Explicitly configure spring.jpa.open-in-view to disable this warning
2024-07-27 22:32:18.382 [main] WARN  o.s.b.a.s.s.UserDetailsServiceAutoConfiguration - 

Using generated security password: fc006cc0-05bb-49de-99f0-9f93f407849d

This generated password is for development use only. Your security configuration must be updated before running your application in production.

2024-07-27 22:32:18.428 [main] WARN  o.s.s.config.annotation.web.builders.WebSecurity - You are asking Spring Security to ignore Deferred [Mvc [pattern='/v3/api-docs'], Ant [pattern='/v3/api-docs']]. This is not recommended -- please use permitAll via HttpSecurity#authorizeHttpRequests instead.
2024-07-27 22:32:18.428 [main] WARN  o.s.s.config.annotation.web.builders.WebSecurity - You are asking Spring Security to ignore Deferred [Mvc [pattern='/auth/login'], Ant [pattern='/auth/login']]. This is not recommended -- please use permitAll via HttpSecurity#authorizeHttpRequests instead.
2024-07-27 22:34:09.075 [main] WARN  o.s.b.a.o.j.JpaBaseConfiguration$JpaWebConfiguration - spring.jpa.open-in-view is enabled by default. Therefore, database queries may be performed during view rendering. Explicitly configure spring.jpa.open-in-view to disable this warning
2024-07-27 22:34:09.258 [main] WARN  o.s.b.a.s.s.UserDetailsServiceAutoConfiguration - 

Using generated security password: 6951452e-95b9-43a2-8fa1-1590745a1535

This generated password is for development use only. Your security configuration must be updated before running your application in production.

2024-07-27 22:34:09.310 [main] WARN  o.s.s.config.annotation.web.builders.WebSecurity - You are asking Spring Security to ignore Deferred [Mvc [pattern='/v3/api-docs'], Ant [pattern='/v3/api-docs']]. This is not recommended -- please use permitAll via HttpSecurity#authorizeHttpRequests instead.
2024-07-27 22:34:09.311 [main] WARN  o.s.s.config.annotation.web.builders.WebSecurity - You are asking Spring Security to ignore Deferred [Mvc [pattern='/auth/login'], Ant [pattern='/auth/login']]. This is not recommended -- please use permitAll via HttpSecurity#authorizeHttpRequests instead.
