2024-07-26 19:08:46.591 [main] INFO  com.leuan.lepton.LeptonApplicationKt - Starting LeptonApplicationKt using Java 17.0.10 with PID 5008 (/Users/yangyang/Projects/lepton/lepton-application/build/classes/kotlin/main started by yangyang in /Users/yangyang/Projects/lepton)
2024-07-26 19:08:46.592 [main] INFO  com.leuan.lepton.LeptonApplicationKt - The following 1 profile is active: "dev"
2024-07-26 19:08:47.016 [main] INFO  o.s.d.r.config.RepositoryConfigurationDelegate - Bootstrapping Spring Data JPA repositories in DEFAULT mode.
2024-07-26 19:08:47.042 [main] INFO  o.s.d.r.config.RepositoryConfigurationDelegate - Finished Spring Data repository scanning in 22 ms. Found 2 JPA repository interfaces.
2024-07-26 19:08:47.226 [main] INFO  o.s.boot.web.embedded.tomcat.TomcatWebServer - Tomcat initialized with port 5555 (http)
2024-07-26 19:08:47.231 [main] INFO  org.apache.coyote.http11.Http11NioProtocol - Initializing ProtocolHandler ["http-nio-5555"]
2024-07-26 19:08:47.232 [main] INFO  org.apache.catalina.core.StandardService - Starting service [Tomcat]
2024-07-26 19:08:47.232 [main] INFO  org.apache.catalina.core.StandardEngine - Starting Servlet engine: [Apache Tomcat/10.1.26]
2024-07-26 19:08:47.253 [main] INFO  o.a.c.core.ContainerBase.[Tomcat].[localhost].[/] - Initializing Spring embedded WebApplicationContext
2024-07-26 19:08:47.254 [main] INFO  o.s.b.w.s.c.ServletWebServerApplicationContext - Root WebApplicationContext: initialization completed in 644 ms
2024-07-26 19:08:47.311 [main] INFO  org.hibernate.jpa.internal.util.LogHelper - HHH000204: Processing PersistenceUnitInfo [name: default]
2024-07-26 19:08:47.332 [main] INFO  org.hibernate.Version - HHH000412: Hibernate ORM core version 6.5.2.Final
2024-07-26 19:08:47.345 [main] INFO  o.hibernate.cache.internal.RegionFactoryInitiator - HHH000026: Second-level cache disabled
2024-07-26 19:08:47.484 [main] INFO  o.s.o.j.persistenceunit.SpringPersistenceUnitInfo - No LoadTimeWeaver setup: ignoring JPA class transformer
2024-07-26 19:08:47.495 [main] INFO  com.zaxxer.hikari.HikariDataSource - HikariPool-1 - Starting...
2024-07-26 19:08:47.705 [main] INFO  com.zaxxer.hikari.pool.HikariPool - HikariPool-1 - Added connection org.postgresql.jdbc.PgConnection@2ac3d530
2024-07-26 19:08:47.706 [main] INFO  com.zaxxer.hikari.HikariDataSource - HikariPool-1 - Start completed.
2024-07-26 19:08:48.119 [main] INFO  o.h.e.t.jta.platform.internal.JtaPlatformInitiator - HHH000489: No JTA platform available (set 'hibernate.transaction.jta.platform' to enable JTA platform integration)
2024-07-26 19:08:48.197 [main] INFO  o.s.orm.jpa.LocalContainerEntityManagerFactoryBean - Initialized JPA EntityManagerFactory for persistence unit 'default'
2024-07-26 19:08:48.625 [main] INFO  org.apache.coyote.http11.Http11NioProtocol - Starting ProtocolHandler ["http-nio-5555"]
2024-07-26 19:08:48.634 [main] INFO  o.s.boot.web.embedded.tomcat.TomcatWebServer - Tomcat started on port 5555 (http) with context path '/'
2024-07-26 19:08:48.642 [main] INFO  com.leuan.lepton.LeptonApplicationKt - Started LeptonApplicationKt in 2.261 seconds (process running for 2.438)
2024-07-26 19:08:52.749 [http-nio-5555-exec-1] INFO  o.a.c.core.ContainerBase.[Tomcat].[localhost].[/] - Initializing Spring DispatcherServlet 'dispatcherServlet'
2024-07-26 19:08:52.749 [http-nio-5555-exec-1] INFO  org.springframework.web.servlet.DispatcherServlet - Initializing Servlet 'dispatcherServlet'
2024-07-26 19:08:52.750 [http-nio-5555-exec-1] INFO  org.springframework.web.servlet.DispatcherServlet - Completed initialization in 1 ms
2024-07-26 19:08:52.915 [http-nio-5555-exec-1] INFO  org.springdoc.api.AbstractOpenApiResource - Init duration for springdoc-openapi is: 140 ms
2024-07-26 19:10:05.771 [main] INFO  com.leuan.lepton.LeptonApplicationKt - Starting LeptonApplicationKt using Java 17.0.10 with PID 5053 (/Users/yangyang/Projects/lepton/lepton-application/build/classes/kotlin/main started by yangyang in /Users/yangyang/Projects/lepton)
2024-07-26 19:10:05.773 [main] INFO  com.leuan.lepton.LeptonApplicationKt - The following 1 profile is active: "dev"
2024-07-26 19:10:06.442 [main] INFO  o.s.d.r.config.RepositoryConfigurationDelegate - Bootstrapping Spring Data JPA repositories in DEFAULT mode.
2024-07-26 19:10:06.470 [main] INFO  o.s.d.r.config.RepositoryConfigurationDelegate - Finished Spring Data repository scanning in 25 ms. Found 2 JPA repository interfaces.
2024-07-26 19:10:06.693 [main] INFO  o.s.boot.web.embedded.tomcat.TomcatWebServer - Tomcat initialized with port 5555 (http)
2024-07-26 19:10:06.699 [main] INFO  org.apache.coyote.http11.Http11NioProtocol - Initializing ProtocolHandler ["http-nio-5555"]
2024-07-26 19:10:06.699 [main] INFO  org.apache.catalina.core.StandardService - Starting service [Tomcat]
2024-07-26 19:10:06.699 [main] INFO  org.apache.catalina.core.StandardEngine - Starting Servlet engine: [Apache Tomcat/10.1.26]
2024-07-26 19:10:06.724 [main] INFO  o.a.c.core.ContainerBase.[Tomcat].[localhost].[/] - Initializing Spring embedded WebApplicationContext
2024-07-26 19:10:06.724 [main] INFO  o.s.b.w.s.c.ServletWebServerApplicationContext - Root WebApplicationContext: initialization completed in 920 ms
2024-07-26 19:10:06.795 [main] INFO  org.hibernate.jpa.internal.util.LogHelper - HHH000204: Processing PersistenceUnitInfo [name: default]
2024-07-26 19:10:06.819 [main] INFO  org.hibernate.Version - HHH000412: Hibernate ORM core version 6.5.2.Final
2024-07-26 19:10:06.835 [main] INFO  o.hibernate.cache.internal.RegionFactoryInitiator - HHH000026: Second-level cache disabled
2024-07-26 19:10:06.996 [main] INFO  o.s.o.j.persistenceunit.SpringPersistenceUnitInfo - No LoadTimeWeaver setup: ignoring JPA class transformer
2024-07-26 19:10:07.010 [main] INFO  com.zaxxer.hikari.HikariDataSource - HikariPool-1 - Starting...
2024-07-26 19:10:07.193 [main] INFO  com.zaxxer.hikari.pool.HikariPool - HikariPool-1 - Added connection org.postgresql.jdbc.PgConnection@337cb81d
2024-07-26 19:10:07.194 [main] INFO  com.zaxxer.hikari.HikariDataSource - HikariPool-1 - Start completed.
2024-07-26 19:10:07.658 [main] INFO  o.h.e.t.jta.platform.internal.JtaPlatformInitiator - HHH000489: No JTA platform available (set 'hibernate.transaction.jta.platform' to enable JTA platform integration)
2024-07-26 19:10:07.721 [main] INFO  o.s.orm.jpa.LocalContainerEntityManagerFactoryBean - Initialized JPA EntityManagerFactory for persistence unit 'default'
2024-07-26 19:10:08.133 [main] INFO  org.apache.coyote.http11.Http11NioProtocol - Starting ProtocolHandler ["http-nio-5555"]
2024-07-26 19:10:08.144 [main] INFO  o.s.boot.web.embedded.tomcat.TomcatWebServer - Tomcat started on port 5555 (http) with context path '/'
2024-07-26 19:10:08.151 [main] INFO  com.leuan.lepton.LeptonApplicationKt - Started LeptonApplicationKt in 2.672 seconds (process running for 3.066)
2024-07-26 19:10:09.648 [http-nio-5555-exec-1] INFO  o.a.c.core.ContainerBase.[Tomcat].[localhost].[/] - Initializing Spring DispatcherServlet 'dispatcherServlet'
2024-07-26 19:10:09.648 [http-nio-5555-exec-1] INFO  org.springframework.web.servlet.DispatcherServlet - Initializing Servlet 'dispatcherServlet'
2024-07-26 19:10:09.649 [http-nio-5555-exec-1] INFO  org.springframework.web.servlet.DispatcherServlet - Completed initialization in 1 ms
2024-07-26 19:10:51.473 [main] INFO  com.leuan.lepton.LeptonApplicationKt - Starting LeptonApplicationKt using Java 17.0.10 with PID 5079 (/Users/yangyang/Projects/lepton/lepton-application/build/classes/kotlin/main started by yangyang in /Users/yangyang/Projects/lepton)
2024-07-26 19:10:51.473 [main] INFO  com.leuan.lepton.LeptonApplicationKt - The following 1 profile is active: "dev"
2024-07-26 19:10:51.896 [main] INFO  o.s.d.r.config.RepositoryConfigurationDelegate - Bootstrapping Spring Data JPA repositories in DEFAULT mode.
2024-07-26 19:10:51.923 [main] INFO  o.s.d.r.config.RepositoryConfigurationDelegate - Finished Spring Data repository scanning in 24 ms. Found 2 JPA repository interfaces.
2024-07-26 19:10:52.144 [main] INFO  o.s.boot.web.embedded.tomcat.TomcatWebServer - Tomcat initialized with port 5555 (http)
2024-07-26 19:10:52.150 [main] INFO  org.apache.coyote.http11.Http11NioProtocol - Initializing ProtocolHandler ["http-nio-5555"]
2024-07-26 19:10:52.150 [main] INFO  org.apache.catalina.core.StandardService - Starting service [Tomcat]
2024-07-26 19:10:52.150 [main] INFO  org.apache.catalina.core.StandardEngine - Starting Servlet engine: [Apache Tomcat/10.1.26]
2024-07-26 19:10:52.176 [main] INFO  o.a.c.core.ContainerBase.[Tomcat].[localhost].[/] - Initializing Spring embedded WebApplicationContext
2024-07-26 19:10:52.176 [main] INFO  o.s.b.w.s.c.ServletWebServerApplicationContext - Root WebApplicationContext: initialization completed in 685 ms
2024-07-26 19:10:52.237 [main] INFO  org.hibernate.jpa.internal.util.LogHelper - HHH000204: Processing PersistenceUnitInfo [name: default]
2024-07-26 19:10:52.263 [main] INFO  org.hibernate.Version - HHH000412: Hibernate ORM core version 6.5.2.Final
2024-07-26 19:10:52.277 [main] INFO  o.hibernate.cache.internal.RegionFactoryInitiator - HHH000026: Second-level cache disabled
2024-07-26 19:10:52.463 [main] INFO  o.s.o.j.persistenceunit.SpringPersistenceUnitInfo - No LoadTimeWeaver setup: ignoring JPA class transformer
2024-07-26 19:10:52.474 [main] INFO  com.zaxxer.hikari.HikariDataSource - HikariPool-1 - Starting...
2024-07-26 19:10:52.629 [main] INFO  com.zaxxer.hikari.pool.HikariPool - HikariPool-1 - Added connection org.postgresql.jdbc.PgConnection@2ac3d530
2024-07-26 19:10:52.630 [main] INFO  com.zaxxer.hikari.HikariDataSource - HikariPool-1 - Start completed.
2024-07-26 19:10:53.030 [main] INFO  o.h.e.t.jta.platform.internal.JtaPlatformInitiator - HHH000489: No JTA platform available (set 'hibernate.transaction.jta.platform' to enable JTA platform integration)
2024-07-26 19:10:53.099 [main] INFO  o.s.orm.jpa.LocalContainerEntityManagerFactoryBean - Initialized JPA EntityManagerFactory for persistence unit 'default'
2024-07-26 19:10:53.467 [main] INFO  org.apache.coyote.http11.Http11NioProtocol - Starting ProtocolHandler ["http-nio-5555"]
2024-07-26 19:10:53.473 [main] INFO  o.s.boot.web.embedded.tomcat.TomcatWebServer - Tomcat started on port 5555 (http) with context path '/'
2024-07-26 19:10:53.478 [main] INFO  com.leuan.lepton.LeptonApplicationKt - Started LeptonApplicationKt in 2.245 seconds (process running for 2.427)
2024-07-26 19:11:39.508 [http-nio-5555-exec-1] INFO  o.a.c.core.ContainerBase.[Tomcat].[localhost].[/] - Initializing Spring DispatcherServlet 'dispatcherServlet'
2024-07-26 19:11:39.508 [http-nio-5555-exec-1] INFO  org.springframework.web.servlet.DispatcherServlet - Initializing Servlet 'dispatcherServlet'
2024-07-26 19:11:39.509 [http-nio-5555-exec-1] INFO  org.springframework.web.servlet.DispatcherServlet - Completed initialization in 1 ms
2024-07-26 19:13:50.650 [main] INFO  com.leuan.lepton.LeptonApplicationKt - Starting LeptonApplicationKt using Java 17.0.10 with PID 5128 (/Users/yangyang/Projects/lepton/lepton-application/build/classes/kotlin/main started by yangyang in /Users/yangyang/Projects/lepton)
2024-07-26 19:13:50.651 [main] INFO  com.leuan.lepton.LeptonApplicationKt - The following 1 profile is active: "dev"
2024-07-26 19:13:51.180 [main] INFO  o.s.d.r.config.RepositoryConfigurationDelegate - Bootstrapping Spring Data JPA repositories in DEFAULT mode.
2024-07-26 19:13:51.211 [main] INFO  o.s.d.r.config.RepositoryConfigurationDelegate - Finished Spring Data repository scanning in 26 ms. Found 2 JPA repository interfaces.
2024-07-26 19:13:51.450 [main] INFO  o.s.boot.web.embedded.tomcat.TomcatWebServer - Tomcat initialized with port 5555 (http)
2024-07-26 19:13:51.455 [main] INFO  org.apache.coyote.http11.Http11NioProtocol - Initializing ProtocolHandler ["http-nio-5555"]
2024-07-26 19:13:51.456 [main] INFO  org.apache.catalina.core.StandardService - Starting service [Tomcat]
2024-07-26 19:13:51.456 [main] INFO  org.apache.catalina.core.StandardEngine - Starting Servlet engine: [Apache Tomcat/10.1.26]
2024-07-26 19:13:51.483 [main] INFO  o.a.c.core.ContainerBase.[Tomcat].[localhost].[/] - Initializing Spring embedded WebApplicationContext
2024-07-26 19:13:51.483 [main] INFO  o.s.b.w.s.c.ServletWebServerApplicationContext - Root WebApplicationContext: initialization completed in 812 ms
2024-07-26 19:13:51.568 [main] INFO  org.hibernate.jpa.internal.util.LogHelper - HHH000204: Processing PersistenceUnitInfo [name: default]
2024-07-26 19:13:51.593 [main] INFO  org.hibernate.Version - HHH000412: Hibernate ORM core version 6.5.2.Final
2024-07-26 19:13:51.608 [main] INFO  o.hibernate.cache.internal.RegionFactoryInitiator - HHH000026: Second-level cache disabled
2024-07-26 19:13:51.771 [main] INFO  o.s.o.j.persistenceunit.SpringPersistenceUnitInfo - No LoadTimeWeaver setup: ignoring JPA class transformer
2024-07-26 19:13:51.783 [main] INFO  com.zaxxer.hikari.HikariDataSource - HikariPool-1 - Starting...
2024-07-26 19:13:51.967 [main] INFO  com.zaxxer.hikari.pool.HikariPool - HikariPool-1 - Added connection org.postgresql.jdbc.PgConnection@6cc44207
2024-07-26 19:13:51.969 [main] INFO  com.zaxxer.hikari.HikariDataSource - HikariPool-1 - Start completed.
2024-07-26 19:13:52.367 [main] INFO  o.h.e.t.jta.platform.internal.JtaPlatformInitiator - HHH000489: No JTA platform available (set 'hibernate.transaction.jta.platform' to enable JTA platform integration)
2024-07-26 19:13:52.426 [main] INFO  o.s.orm.jpa.LocalContainerEntityManagerFactoryBean - Initialized JPA EntityManagerFactory for persistence unit 'default'
2024-07-26 19:13:52.792 [main] INFO  org.apache.coyote.http11.Http11NioProtocol - Starting ProtocolHandler ["http-nio-5555"]
2024-07-26 19:13:52.799 [main] INFO  o.s.boot.web.embedded.tomcat.TomcatWebServer - Tomcat started on port 5555 (http) with context path '/'
2024-07-26 19:13:52.805 [main] INFO  com.leuan.lepton.LeptonApplicationKt - Started LeptonApplicationKt in 2.39 seconds (process running for 2.628)
2024-07-26 19:13:57.433 [http-nio-5555-exec-1] INFO  o.a.c.core.ContainerBase.[Tomcat].[localhost].[/] - Initializing Spring DispatcherServlet 'dispatcherServlet'
2024-07-26 19:13:57.433 [http-nio-5555-exec-1] INFO  org.springframework.web.servlet.DispatcherServlet - Initializing Servlet 'dispatcherServlet'
2024-07-26 19:13:57.434 [http-nio-5555-exec-1] INFO  org.springframework.web.servlet.DispatcherServlet - Completed initialization in 1 ms
2024-07-26 19:14:41.402 [main] INFO  com.leuan.lepton.LeptonApplicationKt - Starting LeptonApplicationKt using Java 17.0.10 with PID 5170 (/Users/yangyang/Projects/lepton/lepton-application/build/classes/kotlin/main started by yangyang in /Users/yangyang/Projects/lepton)
2024-07-26 19:14:41.403 [main] INFO  com.leuan.lepton.LeptonApplicationKt - The following 1 profile is active: "dev"
2024-07-26 19:14:41.837 [main] INFO  o.s.d.r.config.RepositoryConfigurationDelegate - Bootstrapping Spring Data JPA repositories in DEFAULT mode.
2024-07-26 19:14:41.862 [main] INFO  o.s.d.r.config.RepositoryConfigurationDelegate - Finished Spring Data repository scanning in 22 ms. Found 2 JPA repository interfaces.
2024-07-26 19:14:42.078 [main] INFO  o.s.boot.web.embedded.tomcat.TomcatWebServer - Tomcat initialized with port 5555 (http)
2024-07-26 19:14:42.083 [main] INFO  org.apache.coyote.http11.Http11NioProtocol - Initializing ProtocolHandler ["http-nio-5555"]
2024-07-26 19:14:42.084 [main] INFO  org.apache.catalina.core.StandardService - Starting service [Tomcat]
2024-07-26 19:14:42.084 [main] INFO  org.apache.catalina.core.StandardEngine - Starting Servlet engine: [Apache Tomcat/10.1.26]
2024-07-26 19:14:42.109 [main] INFO  o.a.c.core.ContainerBase.[Tomcat].[localhost].[/] - Initializing Spring embedded WebApplicationContext
2024-07-26 19:14:42.109 [main] INFO  o.s.b.w.s.c.ServletWebServerApplicationContext - Root WebApplicationContext: initialization completed in 688 ms
2024-07-26 19:14:42.179 [main] INFO  org.hibernate.jpa.internal.util.LogHelper - HHH000204: Processing PersistenceUnitInfo [name: default]
2024-07-26 19:14:42.205 [main] INFO  org.hibernate.Version - HHH000412: Hibernate ORM core version 6.5.2.Final
2024-07-26 19:14:42.219 [main] INFO  o.hibernate.cache.internal.RegionFactoryInitiator - HHH000026: Second-level cache disabled
2024-07-26 19:14:42.377 [main] INFO  o.s.o.j.persistenceunit.SpringPersistenceUnitInfo - No LoadTimeWeaver setup: ignoring JPA class transformer
2024-07-26 19:14:42.389 [main] INFO  com.zaxxer.hikari.HikariDataSource - HikariPool-1 - Starting...
2024-07-26 19:14:42.586 [main] INFO  com.zaxxer.hikari.pool.HikariPool - HikariPool-1 - Added connection org.postgresql.jdbc.PgConnection@2ac3d530
2024-07-26 19:14:42.586 [main] INFO  com.zaxxer.hikari.HikariDataSource - HikariPool-1 - Start completed.
2024-07-26 19:14:43.021 [main] INFO  o.h.e.t.jta.platform.internal.JtaPlatformInitiator - HHH000489: No JTA platform available (set 'hibernate.transaction.jta.platform' to enable JTA platform integration)
2024-07-26 19:14:43.083 [main] INFO  o.s.orm.jpa.LocalContainerEntityManagerFactoryBean - Initialized JPA EntityManagerFactory for persistence unit 'default'
2024-07-26 19:14:43.462 [main] INFO  org.apache.coyote.http11.Http11NioProtocol - Starting ProtocolHandler ["http-nio-5555"]
2024-07-26 19:14:43.468 [main] INFO  o.s.boot.web.embedded.tomcat.TomcatWebServer - Tomcat started on port 5555 (http) with context path '/'
2024-07-26 19:14:43.474 [main] INFO  com.leuan.lepton.LeptonApplicationKt - Started LeptonApplicationKt in 2.281 seconds (process running for 2.46)
2024-07-26 19:14:45.786 [http-nio-5555-exec-2] INFO  o.a.c.core.ContainerBase.[Tomcat].[localhost].[/] - Initializing Spring DispatcherServlet 'dispatcherServlet'
2024-07-26 19:14:45.786 [http-nio-5555-exec-2] INFO  org.springframework.web.servlet.DispatcherServlet - Initializing Servlet 'dispatcherServlet'
2024-07-26 19:14:45.788 [http-nio-5555-exec-2] INFO  org.springframework.web.servlet.DispatcherServlet - Completed initialization in 2 ms
2024-07-26 19:17:10.185 [main] INFO  com.leuan.lepton.LeptonApplicationKt - Starting LeptonApplicationKt using Java 17.0.10 with PID 5229 (/Users/yangyang/Projects/lepton/lepton-application/build/classes/kotlin/main started by yangyang in /Users/yangyang/Projects/lepton)
2024-07-26 19:17:10.186 [main] INFO  com.leuan.lepton.LeptonApplicationKt - The following 1 profile is active: "dev"
2024-07-26 19:17:10.686 [main] INFO  o.s.d.r.config.RepositoryConfigurationDelegate - Bootstrapping Spring Data JPA repositories in DEFAULT mode.
2024-07-26 19:17:10.719 [main] INFO  o.s.d.r.config.RepositoryConfigurationDelegate - Finished Spring Data repository scanning in 28 ms. Found 2 JPA repository interfaces.
2024-07-26 19:17:10.936 [main] INFO  o.s.boot.web.embedded.tomcat.TomcatWebServer - Tomcat initialized with port 5555 (http)
2024-07-26 19:17:10.941 [main] INFO  org.apache.coyote.http11.Http11NioProtocol - Initializing ProtocolHandler ["http-nio-5555"]
2024-07-26 19:17:10.942 [main] INFO  org.apache.catalina.core.StandardService - Starting service [Tomcat]
2024-07-26 19:17:10.942 [main] INFO  org.apache.catalina.core.StandardEngine - Starting Servlet engine: [Apache Tomcat/10.1.26]
2024-07-26 19:17:10.968 [main] INFO  o.a.c.core.ContainerBase.[Tomcat].[localhost].[/] - Initializing Spring embedded WebApplicationContext
2024-07-26 19:17:10.968 [main] INFO  o.s.b.w.s.c.ServletWebServerApplicationContext - Root WebApplicationContext: initialization completed in 765 ms
2024-07-26 19:17:11.042 [main] INFO  org.hibernate.jpa.internal.util.LogHelper - HHH000204: Processing PersistenceUnitInfo [name: default]
2024-07-26 19:17:11.070 [main] INFO  org.hibernate.Version - HHH000412: Hibernate ORM core version 6.5.2.Final
2024-07-26 19:17:11.094 [main] INFO  o.hibernate.cache.internal.RegionFactoryInitiator - HHH000026: Second-level cache disabled
2024-07-26 19:17:11.283 [main] INFO  o.s.o.j.persistenceunit.SpringPersistenceUnitInfo - No LoadTimeWeaver setup: ignoring JPA class transformer
2024-07-26 19:17:11.295 [main] INFO  com.zaxxer.hikari.HikariDataSource - HikariPool-1 - Starting...
2024-07-26 19:17:11.458 [main] INFO  com.zaxxer.hikari.pool.HikariPool - HikariPool-1 - Added connection org.postgresql.jdbc.PgConnection@47772462
2024-07-26 19:17:11.459 [main] INFO  com.zaxxer.hikari.HikariDataSource - HikariPool-1 - Start completed.
2024-07-26 19:17:11.954 [main] INFO  o.h.e.t.jta.platform.internal.JtaPlatformInitiator - HHH000489: No JTA platform available (set 'hibernate.transaction.jta.platform' to enable JTA platform integration)
2024-07-26 19:17:12.022 [main] INFO  o.s.orm.jpa.LocalContainerEntityManagerFactoryBean - Initialized JPA EntityManagerFactory for persistence unit 'default'
2024-07-26 19:17:12.514 [main] INFO  org.apache.coyote.http11.Http11NioProtocol - Starting ProtocolHandler ["http-nio-5555"]
2024-07-26 19:17:12.520 [main] INFO  o.s.boot.web.embedded.tomcat.TomcatWebServer - Tomcat started on port 5555 (http) with context path '/'
2024-07-26 19:17:12.526 [main] INFO  com.leuan.lepton.LeptonApplicationKt - Started LeptonApplicationKt in 2.542 seconds (process running for 2.865)
2024-07-26 19:17:16.747 [http-nio-5555-exec-2] INFO  o.a.c.core.ContainerBase.[Tomcat].[localhost].[/] - Initializing Spring DispatcherServlet 'dispatcherServlet'
2024-07-26 19:17:16.747 [http-nio-5555-exec-2] INFO  org.springframework.web.servlet.DispatcherServlet - Initializing Servlet 'dispatcherServlet'
2024-07-26 19:17:16.748 [http-nio-5555-exec-2] INFO  org.springframework.web.servlet.DispatcherServlet - Completed initialization in 1 ms
2024-07-26 19:18:23.638 [main] INFO  com.leuan.lepton.LeptonApplicationKt - Starting LeptonApplicationKt using Java 17.0.10 with PID 5267 (/Users/yangyang/Projects/lepton/lepton-application/build/classes/kotlin/main started by yangyang in /Users/yangyang/Projects/lepton)
2024-07-26 19:18:23.639 [main] INFO  com.leuan.lepton.LeptonApplicationKt - The following 1 profile is active: "dev"
2024-07-26 19:18:24.141 [main] INFO  o.s.d.r.config.RepositoryConfigurationDelegate - Bootstrapping Spring Data JPA repositories in DEFAULT mode.
2024-07-26 19:18:24.169 [main] INFO  o.s.d.r.config.RepositoryConfigurationDelegate - Finished Spring Data repository scanning in 24 ms. Found 2 JPA repository interfaces.
2024-07-26 19:18:24.389 [main] INFO  o.s.boot.web.embedded.tomcat.TomcatWebServer - Tomcat initialized with port 5555 (http)
2024-07-26 19:18:24.394 [main] INFO  org.apache.coyote.http11.Http11NioProtocol - Initializing ProtocolHandler ["http-nio-5555"]
2024-07-26 19:18:24.394 [main] INFO  org.apache.catalina.core.StandardService - Starting service [Tomcat]
2024-07-26 19:18:24.394 [main] INFO  org.apache.catalina.core.StandardEngine - Starting Servlet engine: [Apache Tomcat/10.1.26]
2024-07-26 19:18:24.424 [main] INFO  o.a.c.core.ContainerBase.[Tomcat].[localhost].[/] - Initializing Spring embedded WebApplicationContext
2024-07-26 19:18:24.424 [main] INFO  o.s.b.w.s.c.ServletWebServerApplicationContext - Root WebApplicationContext: initialization completed in 769 ms
2024-07-26 19:18:24.501 [main] INFO  org.hibernate.jpa.internal.util.LogHelper - HHH000204: Processing PersistenceUnitInfo [name: default]
2024-07-26 19:18:24.524 [main] INFO  org.hibernate.Version - HHH000412: Hibernate ORM core version 6.5.2.Final
2024-07-26 19:18:24.544 [main] INFO  o.hibernate.cache.internal.RegionFactoryInitiator - HHH000026: Second-level cache disabled
2024-07-26 19:18:24.696 [main] INFO  o.s.o.j.persistenceunit.SpringPersistenceUnitInfo - No LoadTimeWeaver setup: ignoring JPA class transformer
2024-07-26 19:18:24.710 [main] INFO  com.zaxxer.hikari.HikariDataSource - HikariPool-1 - Starting...
2024-07-26 19:18:24.878 [main] INFO  com.zaxxer.hikari.pool.HikariPool - HikariPool-1 - Added connection org.postgresql.jdbc.PgConnection@4b76251c
2024-07-26 19:18:24.879 [main] INFO  com.zaxxer.hikari.HikariDataSource - HikariPool-1 - Start completed.
2024-07-26 19:18:25.283 [main] INFO  o.h.e.t.jta.platform.internal.JtaPlatformInitiator - HHH000489: No JTA platform available (set 'hibernate.transaction.jta.platform' to enable JTA platform integration)
2024-07-26 19:18:25.354 [main] INFO  o.s.orm.jpa.LocalContainerEntityManagerFactoryBean - Initialized JPA EntityManagerFactory for persistence unit 'default'
2024-07-26 19:18:25.724 [main] INFO  org.apache.coyote.http11.Http11NioProtocol - Starting ProtocolHandler ["http-nio-5555"]
2024-07-26 19:18:25.730 [main] INFO  o.s.boot.web.embedded.tomcat.TomcatWebServer - Tomcat started on port 5555 (http) with context path '/'
2024-07-26 19:18:25.736 [main] INFO  com.leuan.lepton.LeptonApplicationKt - Started LeptonApplicationKt in 2.302 seconds (process running for 2.493)
2024-07-26 19:18:30.485 [http-nio-5555-exec-1] INFO  o.a.c.core.ContainerBase.[Tomcat].[localhost].[/] - Initializing Spring DispatcherServlet 'dispatcherServlet'
2024-07-26 19:18:30.487 [http-nio-5555-exec-1] INFO  org.springframework.web.servlet.DispatcherServlet - Initializing Servlet 'dispatcherServlet'
2024-07-26 19:18:30.488 [http-nio-5555-exec-1] INFO  org.springframework.web.servlet.DispatcherServlet - Completed initialization in 1 ms
2024-07-26 19:18:44.161 [http-nio-5555-exec-4] INFO  com.leuan.lepton.tenant.service.TenantService - 保存租户成功|{"id":8,"name":"主租户"}
2024-07-26 19:18:44.870 [http-nio-5555-exec-5] INFO  com.leuan.lepton.tenant.service.TenantService - 保存租户成功|{"id":9,"name":"主租户"}
2024-07-26 19:18:45.568 [http-nio-5555-exec-6] INFO  com.leuan.lepton.tenant.service.TenantService - 保存租户成功|{"id":10,"name":"主租户"}
2024-07-26 19:18:46.277 [http-nio-5555-exec-7] INFO  com.leuan.lepton.tenant.service.TenantService - 保存租户成功|{"id":11,"name":"主租户"}
2024-07-26 19:18:46.911 [http-nio-5555-exec-8] INFO  com.leuan.lepton.tenant.service.TenantService - 保存租户成功|{"id":12,"name":"主租户"}
2024-07-26 19:18:47.603 [http-nio-5555-exec-9] INFO  com.leuan.lepton.tenant.service.TenantService - 保存租户成功|{"id":13,"name":"主租户"}
2024-07-26 19:18:48.240 [http-nio-5555-exec-10] INFO  com.leuan.lepton.tenant.service.TenantService - 保存租户成功|{"id":14,"name":"主租户"}
2024-07-26 19:18:48.879 [http-nio-5555-exec-2] INFO  com.leuan.lepton.tenant.service.TenantService - 保存租户成功|{"id":15,"name":"主租户"}
2024-07-26 19:18:49.450 [http-nio-5555-exec-1] INFO  com.leuan.lepton.tenant.service.TenantService - 保存租户成功|{"id":16,"name":"主租户"}
2024-07-26 19:18:50.126 [http-nio-5555-exec-3] INFO  com.leuan.lepton.tenant.service.TenantService - 保存租户成功|{"id":17,"name":"主租户"}
2024-07-26 19:18:50.638 [http-nio-5555-exec-4] INFO  com.leuan.lepton.tenant.service.TenantService - 保存租户成功|{"id":18,"name":"主租户"}
2024-07-26 19:19:33.691 [main] INFO  com.leuan.lepton.LeptonApplicationKt - Starting LeptonApplicationKt using Java 17.0.10 with PID 5303 (/Users/yangyang/Projects/lepton/lepton-application/build/classes/kotlin/main started by yangyang in /Users/yangyang/Projects/lepton)
2024-07-26 19:19:33.693 [main] INFO  com.leuan.lepton.LeptonApplicationKt - The following 1 profile is active: "dev"
2024-07-26 19:19:34.160 [main] INFO  o.s.d.r.config.RepositoryConfigurationDelegate - Bootstrapping Spring Data JPA repositories in DEFAULT mode.
2024-07-26 19:19:34.186 [main] INFO  o.s.d.r.config.RepositoryConfigurationDelegate - Finished Spring Data repository scanning in 22 ms. Found 2 JPA repository interfaces.
2024-07-26 19:19:34.370 [main] INFO  o.s.boot.web.embedded.tomcat.TomcatWebServer - Tomcat initialized with port 5555 (http)
2024-07-26 19:19:34.374 [main] INFO  org.apache.coyote.http11.Http11NioProtocol - Initializing ProtocolHandler ["http-nio-5555"]
2024-07-26 19:19:34.375 [main] INFO  org.apache.catalina.core.StandardService - Starting service [Tomcat]
2024-07-26 19:19:34.375 [main] INFO  org.apache.catalina.core.StandardEngine - Starting Servlet engine: [Apache Tomcat/10.1.26]
2024-07-26 19:19:34.396 [main] INFO  o.a.c.core.ContainerBase.[Tomcat].[localhost].[/] - Initializing Spring embedded WebApplicationContext
2024-07-26 19:19:34.397 [main] INFO  o.s.b.w.s.c.ServletWebServerApplicationContext - Root WebApplicationContext: initialization completed in 679 ms
2024-07-26 19:19:34.454 [main] INFO  org.hibernate.jpa.internal.util.LogHelper - HHH000204: Processing PersistenceUnitInfo [name: default]
2024-07-26 19:19:34.475 [main] INFO  org.hibernate.Version - HHH000412: Hibernate ORM core version 6.5.2.Final
2024-07-26 19:19:34.487 [main] INFO  o.hibernate.cache.internal.RegionFactoryInitiator - HHH000026: Second-level cache disabled
2024-07-26 19:19:34.620 [main] INFO  o.s.o.j.persistenceunit.SpringPersistenceUnitInfo - No LoadTimeWeaver setup: ignoring JPA class transformer
2024-07-26 19:19:34.633 [main] INFO  com.zaxxer.hikari.HikariDataSource - HikariPool-1 - Starting...
2024-07-26 19:19:34.835 [main] INFO  com.zaxxer.hikari.pool.HikariPool - HikariPool-1 - Added connection org.postgresql.jdbc.PgConnection@3f9e8af5
2024-07-26 19:19:34.836 [main] INFO  com.zaxxer.hikari.HikariDataSource - HikariPool-1 - Start completed.
2024-07-26 19:19:35.375 [main] INFO  o.h.e.t.jta.platform.internal.JtaPlatformInitiator - HHH000489: No JTA platform available (set 'hibernate.transaction.jta.platform' to enable JTA platform integration)
2024-07-26 19:19:35.447 [main] INFO  o.s.orm.jpa.LocalContainerEntityManagerFactoryBean - Initialized JPA EntityManagerFactory for persistence unit 'default'
2024-07-26 19:19:35.792 [main] INFO  org.apache.coyote.http11.Http11NioProtocol - Starting ProtocolHandler ["http-nio-5555"]
2024-07-26 19:19:35.798 [main] INFO  o.s.boot.web.embedded.tomcat.TomcatWebServer - Tomcat started on port 5555 (http) with context path '/'
2024-07-26 19:19:35.803 [main] INFO  com.leuan.lepton.LeptonApplicationKt - Started LeptonApplicationKt in 2.329 seconds (process running for 2.691)
2024-07-26 19:19:37.570 [http-nio-5555-exec-1] INFO  o.a.c.core.ContainerBase.[Tomcat].[localhost].[/] - Initializing Spring DispatcherServlet 'dispatcherServlet'
2024-07-26 19:19:37.570 [http-nio-5555-exec-1] INFO  org.springframework.web.servlet.DispatcherServlet - Initializing Servlet 'dispatcherServlet'
2024-07-26 19:19:37.571 [http-nio-5555-exec-1] INFO  org.springframework.web.servlet.DispatcherServlet - Completed initialization in 1 ms
2024-07-26 19:19:43.796 [http-nio-5555-exec-5] INFO  com.leuan.lepton.tenant.service.TenantService - 保存租户成功|{"id":19,"name":"主租户"}
2024-07-26 19:19:44.467 [http-nio-5555-exec-6] INFO  com.leuan.lepton.tenant.service.TenantService - 保存租户成功|{"id":20,"name":"主租户"}
2024-07-26 19:19:45.211 [http-nio-5555-exec-7] INFO  com.leuan.lepton.tenant.service.TenantService - 保存租户成功|{"id":21,"name":"主租户"}
2024-07-26 19:19:45.976 [http-nio-5555-exec-8] INFO  com.leuan.lepton.tenant.service.TenantService - 保存租户成功|{"id":22,"name":"主租户"}
2024-07-26 19:23:49.571 [main] INFO  com.leuan.lepton.LeptonApplicationKt - Starting LeptonApplicationKt using Java 17.0.10 with PID 5406 (/Users/yangyang/Projects/lepton/lepton-application/build/classes/kotlin/main started by yangyang in /Users/yangyang/Projects/lepton)
2024-07-26 19:23:49.572 [main] INFO  com.leuan.lepton.LeptonApplicationKt - The following 1 profile is active: "dev"
2024-07-26 19:23:50.000 [main] INFO  o.s.d.r.config.RepositoryConfigurationDelegate - Bootstrapping Spring Data JPA repositories in DEFAULT mode.
2024-07-26 19:23:50.025 [main] INFO  o.s.d.r.config.RepositoryConfigurationDelegate - Finished Spring Data repository scanning in 22 ms. Found 2 JPA repository interfaces.
2024-07-26 19:23:50.211 [main] INFO  o.s.boot.web.embedded.tomcat.TomcatWebServer - Tomcat initialized with port 5555 (http)
2024-07-26 19:23:50.215 [main] INFO  org.apache.coyote.http11.Http11NioProtocol - Initializing ProtocolHandler ["http-nio-5555"]
2024-07-26 19:23:50.216 [main] INFO  org.apache.catalina.core.StandardService - Starting service [Tomcat]
2024-07-26 19:23:50.216 [main] INFO  org.apache.catalina.core.StandardEngine - Starting Servlet engine: [Apache Tomcat/10.1.26]
2024-07-26 19:23:50.238 [main] INFO  o.a.c.core.ContainerBase.[Tomcat].[localhost].[/] - Initializing Spring embedded WebApplicationContext
2024-07-26 19:23:50.238 [main] INFO  o.s.b.w.s.c.ServletWebServerApplicationContext - Root WebApplicationContext: initialization completed in 648 ms
2024-07-26 19:23:50.294 [main] INFO  org.hibernate.jpa.internal.util.LogHelper - HHH000204: Processing PersistenceUnitInfo [name: default]
2024-07-26 19:23:50.315 [main] INFO  org.hibernate.Version - HHH000412: Hibernate ORM core version 6.5.2.Final
2024-07-26 19:23:50.327 [main] INFO  o.hibernate.cache.internal.RegionFactoryInitiator - HHH000026: Second-level cache disabled
2024-07-26 19:23:50.468 [main] INFO  o.s.o.j.persistenceunit.SpringPersistenceUnitInfo - No LoadTimeWeaver setup: ignoring JPA class transformer
2024-07-26 19:23:50.479 [main] INFO  com.zaxxer.hikari.HikariDataSource - HikariPool-1 - Starting...
2024-07-26 19:23:50.670 [main] INFO  com.zaxxer.hikari.pool.HikariPool - HikariPool-1 - Added connection org.postgresql.jdbc.PgConnection@337cb81d
2024-07-26 19:23:50.671 [main] INFO  com.zaxxer.hikari.HikariDataSource - HikariPool-1 - Start completed.
2024-07-26 19:23:51.071 [main] INFO  o.h.e.t.jta.platform.internal.JtaPlatformInitiator - HHH000489: No JTA platform available (set 'hibernate.transaction.jta.platform' to enable JTA platform integration)
2024-07-26 19:23:51.135 [main] INFO  o.s.orm.jpa.LocalContainerEntityManagerFactoryBean - Initialized JPA EntityManagerFactory for persistence unit 'default'
2024-07-26 19:23:51.454 [main] INFO  org.apache.coyote.http11.Http11NioProtocol - Starting ProtocolHandler ["http-nio-5555"]
2024-07-26 19:23:51.459 [main] INFO  o.s.boot.web.embedded.tomcat.TomcatWebServer - Tomcat started on port 5555 (http) with context path '/'
2024-07-26 19:23:51.464 [main] INFO  com.leuan.lepton.LeptonApplicationKt - Started LeptonApplicationKt in 2.158 seconds (process running for 2.529)
2024-07-26 19:23:54.673 [http-nio-5555-exec-1] INFO  o.a.c.core.ContainerBase.[Tomcat].[localhost].[/] - Initializing Spring DispatcherServlet 'dispatcherServlet'
2024-07-26 19:23:54.673 [http-nio-5555-exec-1] INFO  org.springframework.web.servlet.DispatcherServlet - Initializing Servlet 'dispatcherServlet'
2024-07-26 19:23:54.674 [http-nio-5555-exec-1] INFO  org.springframework.web.servlet.DispatcherServlet - Completed initialization in 1 ms
2024-07-26 19:48:58.173 [SpringApplicationShutdownHook] INFO  o.s.orm.jpa.LocalContainerEntityManagerFactoryBean - Closing JPA EntityManagerFactory for persistence unit 'default'
2024-07-26 19:48:58.178 [SpringApplicationShutdownHook] INFO  com.zaxxer.hikari.HikariDataSource - HikariPool-1 - Shutdown initiated...
2024-07-26 19:48:58.180 [SpringApplicationShutdownHook] INFO  com.zaxxer.hikari.HikariDataSource - HikariPool-1 - Shutdown completed.
2024-07-26 19:49:00.026 [main] INFO  com.leuan.lepton.LeptonApplicationKt - Starting LeptonApplicationKt using Java 17.0.10 with PID 6618 (/Users/yangyang/Projects/lepton/lepton-application/build/classes/kotlin/main started by yangyang in /Users/yangyang/Projects/lepton)
2024-07-26 19:49:00.027 [main] INFO  com.leuan.lepton.LeptonApplicationKt - The following 1 profile is active: "dev"
2024-07-26 19:49:00.511 [main] INFO  o.s.d.r.config.RepositoryConfigurationDelegate - Bootstrapping Spring Data JPA repositories in DEFAULT mode.
2024-07-26 19:49:00.536 [main] INFO  o.s.d.r.config.RepositoryConfigurationDelegate - Finished Spring Data repository scanning in 22 ms. Found 2 JPA repository interfaces.
2024-07-26 19:49:00.732 [main] INFO  o.s.boot.web.embedded.tomcat.TomcatWebServer - Tomcat initialized with port 5555 (http)
2024-07-26 19:49:00.736 [main] INFO  org.apache.coyote.http11.Http11NioProtocol - Initializing ProtocolHandler ["http-nio-5555"]
2024-07-26 19:49:00.737 [main] INFO  org.apache.catalina.core.StandardService - Starting service [Tomcat]
2024-07-26 19:49:00.737 [main] INFO  org.apache.catalina.core.StandardEngine - Starting Servlet engine: [Apache Tomcat/10.1.26]
2024-07-26 19:49:00.760 [main] INFO  o.a.c.core.ContainerBase.[Tomcat].[localhost].[/] - Initializing Spring embedded WebApplicationContext
2024-07-26 19:49:00.760 [main] INFO  o.s.b.w.s.c.ServletWebServerApplicationContext - Root WebApplicationContext: initialization completed in 714 ms
2024-07-26 19:49:00.821 [main] INFO  org.hibernate.jpa.internal.util.LogHelper - HHH000204: Processing PersistenceUnitInfo [name: default]
2024-07-26 19:49:00.843 [main] INFO  org.hibernate.Version - HHH000412: Hibernate ORM core version 6.5.2.Final
2024-07-26 19:49:00.855 [main] INFO  o.hibernate.cache.internal.RegionFactoryInitiator - HHH000026: Second-level cache disabled
2024-07-26 19:49:00.990 [main] INFO  o.s.o.j.persistenceunit.SpringPersistenceUnitInfo - No LoadTimeWeaver setup: ignoring JPA class transformer
2024-07-26 19:49:01.001 [main] INFO  com.zaxxer.hikari.HikariDataSource - HikariPool-1 - Starting...
2024-07-26 19:49:01.204 [main] INFO  com.zaxxer.hikari.pool.HikariPool - HikariPool-1 - Added connection org.postgresql.jdbc.PgConnection@20c283b4
2024-07-26 19:49:01.205 [main] INFO  com.zaxxer.hikari.HikariDataSource - HikariPool-1 - Start completed.
2024-07-26 19:49:01.638 [main] INFO  o.h.e.t.jta.platform.internal.JtaPlatformInitiator - HHH000489: No JTA platform available (set 'hibernate.transaction.jta.platform' to enable JTA platform integration)
2024-07-26 19:49:01.710 [main] INFO  o.s.orm.jpa.LocalContainerEntityManagerFactoryBean - Initialized JPA EntityManagerFactory for persistence unit 'default'
2024-07-26 19:49:02.039 [main] INFO  org.apache.coyote.http11.Http11NioProtocol - Starting ProtocolHandler ["http-nio-5555"]
2024-07-26 19:49:02.045 [main] INFO  o.s.boot.web.embedded.tomcat.TomcatWebServer - Tomcat started on port 5555 (http) with context path '/'
2024-07-26 19:49:02.050 [main] INFO  com.leuan.lepton.LeptonApplicationKt - Started LeptonApplicationKt in 2.242 seconds (process running for 2.58)
2024-07-26 21:27:30.688 [http-nio-5555-exec-1] INFO  o.a.c.core.ContainerBase.[Tomcat].[localhost].[/] - Initializing Spring DispatcherServlet 'dispatcherServlet'
2024-07-26 21:27:30.689 [http-nio-5555-exec-1] INFO  org.springframework.web.servlet.DispatcherServlet - Initializing Servlet 'dispatcherServlet'
2024-07-26 21:27:30.692 [http-nio-5555-exec-1] INFO  org.springframework.web.servlet.DispatcherServlet - Completed initialization in 3 ms
2024-07-26 21:27:30.903 [http-nio-5555-exec-1] INFO  org.springdoc.api.AbstractOpenApiResource - Init duration for springdoc-openapi is: 178 ms
2024-07-26 22:56:36.268 [SpringApplicationShutdownHook] INFO  o.s.orm.jpa.LocalContainerEntityManagerFactoryBean - Closing JPA EntityManagerFactory for persistence unit 'default'
2024-07-26 22:56:36.280 [SpringApplicationShutdownHook] INFO  com.zaxxer.hikari.HikariDataSource - HikariPool-1 - Shutdown initiated...
2024-07-26 22:56:36.281 [SpringApplicationShutdownHook] INFO  com.zaxxer.hikari.HikariDataSource - HikariPool-1 - Shutdown completed.
2024-07-26 23:02:06.198 [main] INFO  com.leuan.lepton.LeptonApplicationKt - Starting LeptonApplicationKt using Java 17.0.10 with PID 8843 (/Users/yangyang/Projects/lepton/lepton-application/build/classes/kotlin/main started by yangyang in /Users/yangyang/Projects/lepton)
2024-07-26 23:02:06.199 [main] INFO  com.leuan.lepton.LeptonApplicationKt - The following 1 profile is active: "dev"
2024-07-26 23:02:06.744 [main] INFO  o.s.d.r.config.RepositoryConfigurationDelegate - Bootstrapping Spring Data JPA repositories in DEFAULT mode.
2024-07-26 23:02:06.770 [main] INFO  o.s.d.r.config.RepositoryConfigurationDelegate - Finished Spring Data repository scanning in 22 ms. Found 2 JPA repository interfaces.
2024-07-26 23:02:06.969 [main] INFO  o.s.boot.web.embedded.tomcat.TomcatWebServer - Tomcat initialized with port 5555 (http)
2024-07-26 23:02:06.974 [main] INFO  org.apache.coyote.http11.Http11NioProtocol - Initializing ProtocolHandler ["http-nio-5555"]
2024-07-26 23:02:06.975 [main] INFO  org.apache.catalina.core.StandardService - Starting service [Tomcat]
2024-07-26 23:02:06.975 [main] INFO  org.apache.catalina.core.StandardEngine - Starting Servlet engine: [Apache Tomcat/10.1.26]
2024-07-26 23:02:06.998 [main] INFO  o.a.c.core.ContainerBase.[Tomcat].[localhost].[/] - Initializing Spring embedded WebApplicationContext
2024-07-26 23:02:06.998 [main] INFO  o.s.b.w.s.c.ServletWebServerApplicationContext - Root WebApplicationContext: initialization completed in 779 ms
2024-07-26 23:02:07.064 [main] INFO  org.hibernate.jpa.internal.util.LogHelper - HHH000204: Processing PersistenceUnitInfo [name: default]
2024-07-26 23:02:07.092 [main] INFO  org.hibernate.Version - HHH000412: Hibernate ORM core version 6.5.2.Final
2024-07-26 23:02:07.106 [main] INFO  o.hibernate.cache.internal.RegionFactoryInitiator - HHH000026: Second-level cache disabled
2024-07-26 23:02:07.255 [main] INFO  o.s.o.j.persistenceunit.SpringPersistenceUnitInfo - No LoadTimeWeaver setup: ignoring JPA class transformer
2024-07-26 23:02:07.267 [main] INFO  com.zaxxer.hikari.HikariDataSource - HikariPool-1 - Starting...
2024-07-26 23:02:07.456 [main] INFO  com.zaxxer.hikari.pool.HikariPool - HikariPool-1 - Added connection org.postgresql.jdbc.PgConnection@7378c4a4
2024-07-26 23:02:07.457 [main] INFO  com.zaxxer.hikari.HikariDataSource - HikariPool-1 - Start completed.
2024-07-26 23:02:07.902 [main] INFO  o.h.e.t.jta.platform.internal.JtaPlatformInitiator - HHH000489: No JTA platform available (set 'hibernate.transaction.jta.platform' to enable JTA platform integration)
2024-07-26 23:02:08.248 [main] INFO  o.s.orm.jpa.LocalContainerEntityManagerFactoryBean - Initialized JPA EntityManagerFactory for persistence unit 'default'
2024-07-26 23:02:08.620 [main] INFO  org.apache.coyote.http11.Http11NioProtocol - Starting ProtocolHandler ["http-nio-5555"]
2024-07-26 23:02:08.627 [main] INFO  o.s.boot.web.embedded.tomcat.TomcatWebServer - Tomcat started on port 5555 (http) with context path '/'
2024-07-26 23:02:08.634 [main] INFO  com.leuan.lepton.LeptonApplicationKt - Started LeptonApplicationKt in 2.68 seconds (process running for 2.9)
2024-07-26 23:07:29.126 [SpringApplicationShutdownHook] INFO  o.s.orm.jpa.LocalContainerEntityManagerFactoryBean - Closing JPA EntityManagerFactory for persistence unit 'default'
2024-07-26 23:07:29.129 [SpringApplicationShutdownHook] INFO  com.zaxxer.hikari.HikariDataSource - HikariPool-1 - Shutdown initiated...
2024-07-26 23:07:29.130 [SpringApplicationShutdownHook] INFO  com.zaxxer.hikari.HikariDataSource - HikariPool-1 - Shutdown completed.
2024-07-26 23:07:30.220 [main] INFO  com.leuan.lepton.LeptonApplicationKt - Starting LeptonApplicationKt using Java 17.0.10 with PID 8991 (/Users/yangyang/Projects/lepton/lepton-application/build/classes/kotlin/main started by yangyang in /Users/yangyang/Projects/lepton)
2024-07-26 23:07:30.221 [main] INFO  com.leuan.lepton.LeptonApplicationKt - The following 1 profile is active: "dev"
2024-07-26 23:07:30.662 [main] INFO  o.s.d.r.config.RepositoryConfigurationDelegate - Bootstrapping Spring Data JPA repositories in DEFAULT mode.
2024-07-26 23:07:30.689 [main] INFO  o.s.d.r.config.RepositoryConfigurationDelegate - Finished Spring Data repository scanning in 23 ms. Found 2 JPA repository interfaces.
2024-07-26 23:07:30.906 [main] INFO  o.s.boot.web.embedded.tomcat.TomcatWebServer - Tomcat initialized with port 5555 (http)
2024-07-26 23:07:30.911 [main] INFO  org.apache.coyote.http11.Http11NioProtocol - Initializing ProtocolHandler ["http-nio-5555"]
2024-07-26 23:07:30.911 [main] INFO  org.apache.catalina.core.StandardService - Starting service [Tomcat]
2024-07-26 23:07:30.911 [main] INFO  org.apache.catalina.core.StandardEngine - Starting Servlet engine: [Apache Tomcat/10.1.26]
2024-07-26 23:07:30.933 [main] INFO  o.a.c.core.ContainerBase.[Tomcat].[localhost].[/] - Initializing Spring embedded WebApplicationContext
2024-07-26 23:07:30.933 [main] INFO  o.s.b.w.s.c.ServletWebServerApplicationContext - Root WebApplicationContext: initialization completed in 694 ms
2024-07-26 23:07:30.994 [main] INFO  org.hibernate.jpa.internal.util.LogHelper - HHH000204: Processing PersistenceUnitInfo [name: default]
2024-07-26 23:07:31.017 [main] INFO  org.hibernate.Version - HHH000412: Hibernate ORM core version 6.5.2.Final
2024-07-26 23:07:31.029 [main] INFO  o.hibernate.cache.internal.RegionFactoryInitiator - HHH000026: Second-level cache disabled
2024-07-26 23:07:31.163 [main] INFO  o.s.o.j.persistenceunit.SpringPersistenceUnitInfo - No LoadTimeWeaver setup: ignoring JPA class transformer
2024-07-26 23:07:31.175 [main] INFO  com.zaxxer.hikari.HikariDataSource - HikariPool-1 - Starting...
2024-07-26 23:07:31.335 [main] INFO  com.zaxxer.hikari.pool.HikariPool - HikariPool-1 - Added connection org.postgresql.jdbc.PgConnection@17c34e62
2024-07-26 23:07:31.336 [main] INFO  com.zaxxer.hikari.HikariDataSource - HikariPool-1 - Start completed.
2024-07-26 23:07:31.776 [main] INFO  o.h.e.t.jta.platform.internal.JtaPlatformInitiator - HHH000489: No JTA platform available (set 'hibernate.transaction.jta.platform' to enable JTA platform integration)
2024-07-26 23:07:31.941 [main] INFO  o.s.orm.jpa.LocalContainerEntityManagerFactoryBean - Initialized JPA EntityManagerFactory for persistence unit 'default'
2024-07-26 23:07:32.275 [main] INFO  org.apache.coyote.http11.Http11NioProtocol - Starting ProtocolHandler ["http-nio-5555"]
2024-07-26 23:07:32.281 [main] INFO  o.s.boot.web.embedded.tomcat.TomcatWebServer - Tomcat started on port 5555 (http) with context path '/'
2024-07-26 23:07:32.286 [main] INFO  com.leuan.lepton.LeptonApplicationKt - Started LeptonApplicationKt in 2.269 seconds (process running for 2.613)
2024-07-26 23:10:17.718 [SpringApplicationShutdownHook] INFO  o.s.orm.jpa.LocalContainerEntityManagerFactoryBean - Closing JPA EntityManagerFactory for persistence unit 'default'
2024-07-26 23:10:17.723 [SpringApplicationShutdownHook] INFO  com.zaxxer.hikari.HikariDataSource - HikariPool-1 - Shutdown initiated...
2024-07-26 23:10:17.726 [SpringApplicationShutdownHook] INFO  com.zaxxer.hikari.HikariDataSource - HikariPool-1 - Shutdown completed.
2024-07-26 23:10:21.873 [main] INFO  com.leuan.lepton.LeptonApplicationKt - Starting LeptonApplicationKt using Java 17.0.10 with PID 9059 (/Users/yangyang/Projects/lepton/lepton-application/build/classes/kotlin/main started by yangyang in /Users/yangyang/Projects/lepton)
2024-07-26 23:10:21.875 [main] INFO  com.leuan.lepton.LeptonApplicationKt - The following 1 profile is active: "dev"
2024-07-26 23:10:22.483 [main] INFO  o.s.d.r.config.RepositoryConfigurationDelegate - Bootstrapping Spring Data JPA repositories in DEFAULT mode.
2024-07-26 23:10:22.510 [main] INFO  o.s.d.r.config.RepositoryConfigurationDelegate - Finished Spring Data repository scanning in 23 ms. Found 2 JPA repository interfaces.
2024-07-26 23:10:22.715 [main] INFO  o.s.boot.web.embedded.tomcat.TomcatWebServer - Tomcat initialized with port 5555 (http)
2024-07-26 23:10:22.721 [main] INFO  org.apache.coyote.http11.Http11NioProtocol - Initializing ProtocolHandler ["http-nio-5555"]
2024-07-26 23:10:22.721 [main] INFO  org.apache.catalina.core.StandardService - Starting service [Tomcat]
2024-07-26 23:10:22.721 [main] INFO  org.apache.catalina.core.StandardEngine - Starting Servlet engine: [Apache Tomcat/10.1.26]
2024-07-26 23:10:22.743 [main] INFO  o.a.c.core.ContainerBase.[Tomcat].[localhost].[/] - Initializing Spring embedded WebApplicationContext
2024-07-26 23:10:22.743 [main] INFO  o.s.b.w.s.c.ServletWebServerApplicationContext - Root WebApplicationContext: initialization completed in 838 ms
2024-07-26 23:10:22.807 [main] INFO  org.hibernate.jpa.internal.util.LogHelper - HHH000204: Processing PersistenceUnitInfo [name: default]
2024-07-26 23:10:22.832 [main] INFO  org.hibernate.Version - HHH000412: Hibernate ORM core version 6.5.2.Final
2024-07-26 23:10:22.844 [main] INFO  o.hibernate.cache.internal.RegionFactoryInitiator - HHH000026: Second-level cache disabled
2024-07-26 23:10:22.970 [main] INFO  o.s.o.j.persistenceunit.SpringPersistenceUnitInfo - No LoadTimeWeaver setup: ignoring JPA class transformer
2024-07-26 23:10:22.983 [main] INFO  com.zaxxer.hikari.HikariDataSource - HikariPool-1 - Starting...
2024-07-26 23:10:23.163 [main] INFO  com.zaxxer.hikari.pool.HikariPool - HikariPool-1 - Added connection org.postgresql.jdbc.PgConnection@2f112ade
2024-07-26 23:10:23.164 [main] INFO  com.zaxxer.hikari.HikariDataSource - HikariPool-1 - Start completed.
2024-07-26 23:10:23.650 [main] INFO  o.h.e.t.jta.platform.internal.JtaPlatformInitiator - HHH000489: No JTA platform available (set 'hibernate.transaction.jta.platform' to enable JTA platform integration)
2024-07-26 23:10:23.848 [main] INFO  o.s.orm.jpa.LocalContainerEntityManagerFactoryBean - Initialized JPA EntityManagerFactory for persistence unit 'default'
2024-07-26 23:10:24.187 [main] INFO  org.apache.coyote.http11.Http11NioProtocol - Starting ProtocolHandler ["http-nio-5555"]
2024-07-26 23:10:24.193 [main] INFO  o.s.boot.web.embedded.tomcat.TomcatWebServer - Tomcat started on port 5555 (http) with context path '/'
2024-07-26 23:10:24.198 [main] INFO  com.leuan.lepton.LeptonApplicationKt - Started LeptonApplicationKt in 2.682 seconds (process running for 3.095)
2024-07-26 23:10:39.348 [http-nio-5555-exec-1] INFO  o.a.c.core.ContainerBase.[Tomcat].[localhost].[/] - Initializing Spring DispatcherServlet 'dispatcherServlet'
2024-07-26 23:10:39.349 [http-nio-5555-exec-1] INFO  org.springframework.web.servlet.DispatcherServlet - Initializing Servlet 'dispatcherServlet'
2024-07-26 23:10:39.350 [http-nio-5555-exec-1] INFO  org.springframework.web.servlet.DispatcherServlet - Completed initialization in 1 ms
2024-07-26 23:10:39.532 [http-nio-5555-exec-1] INFO  org.springdoc.api.AbstractOpenApiResource - Init duration for springdoc-openapi is: 155 ms
2024-07-26 23:11:50.568 [main] INFO  com.leuan.lepton.LeptonApplicationKt - Starting LeptonApplicationKt using Java 17.0.10 with PID 9110 (/Users/yangyang/Projects/lepton/lepton-application/build/classes/kotlin/main started by yangyang in /Users/yangyang/Projects/lepton)
2024-07-26 23:11:50.569 [main] INFO  com.leuan.lepton.LeptonApplicationKt - The following 1 profile is active: "dev"
2024-07-26 23:11:51.025 [main] INFO  o.s.d.r.config.RepositoryConfigurationDelegate - Bootstrapping Spring Data JPA repositories in DEFAULT mode.
2024-07-26 23:11:51.056 [main] INFO  o.s.d.r.config.RepositoryConfigurationDelegate - Finished Spring Data repository scanning in 27 ms. Found 2 JPA repository interfaces.
2024-07-26 23:11:51.292 [main] INFO  o.s.boot.web.embedded.tomcat.TomcatWebServer - Tomcat initialized with port 5555 (http)
2024-07-26 23:11:51.297 [main] INFO  org.apache.coyote.http11.Http11NioProtocol - Initializing ProtocolHandler ["http-nio-5555"]
2024-07-26 23:11:51.298 [main] INFO  org.apache.catalina.core.StandardService - Starting service [Tomcat]
2024-07-26 23:11:51.298 [main] INFO  org.apache.catalina.core.StandardEngine - Starting Servlet engine: [Apache Tomcat/10.1.26]
2024-07-26 23:11:51.328 [main] INFO  o.a.c.core.ContainerBase.[Tomcat].[localhost].[/] - Initializing Spring embedded WebApplicationContext
2024-07-26 23:11:51.328 [main] INFO  o.s.b.w.s.c.ServletWebServerApplicationContext - Root WebApplicationContext: initialization completed in 739 ms
2024-07-26 23:11:51.397 [main] INFO  org.hibernate.jpa.internal.util.LogHelper - HHH000204: Processing PersistenceUnitInfo [name: default]
2024-07-26 23:11:51.422 [main] INFO  org.hibernate.Version - HHH000412: Hibernate ORM core version 6.5.2.Final
2024-07-26 23:11:51.436 [main] INFO  o.hibernate.cache.internal.RegionFactoryInitiator - HHH000026: Second-level cache disabled
2024-07-26 23:11:51.599 [main] INFO  o.s.o.j.persistenceunit.SpringPersistenceUnitInfo - No LoadTimeWeaver setup: ignoring JPA class transformer
2024-07-26 23:11:51.612 [main] INFO  com.zaxxer.hikari.HikariDataSource - HikariPool-1 - Starting...
2024-07-26 23:11:51.795 [main] INFO  com.zaxxer.hikari.pool.HikariPool - HikariPool-1 - Added connection org.postgresql.jdbc.PgConnection@3c17794e
2024-07-26 23:11:51.796 [main] INFO  com.zaxxer.hikari.HikariDataSource - HikariPool-1 - Start completed.
2024-07-26 23:11:52.032 [main] INFO  o.h.e.t.jta.platform.internal.JtaPlatformInitiator - HHH000489: No JTA platform available (set 'hibernate.transaction.jta.platform' to enable JTA platform integration)
2024-07-26 23:11:52.034 [main] INFO  o.s.orm.jpa.LocalContainerEntityManagerFactoryBean - Initialized JPA EntityManagerFactory for persistence unit 'default'
2024-07-26 23:11:52.105 [main] INFO  o.s.orm.jpa.LocalContainerEntityManagerFactoryBean - Closing JPA EntityManagerFactory for persistence unit 'default'
2024-07-26 23:11:52.107 [main] INFO  com.zaxxer.hikari.HikariDataSource - HikariPool-1 - Shutdown initiated...
2024-07-26 23:11:52.190 [main] INFO  com.zaxxer.hikari.HikariDataSource - HikariPool-1 - Shutdown completed.
2024-07-26 23:11:52.191 [main] INFO  org.apache.catalina.core.StandardService - Stopping service [Tomcat]
2024-07-26 23:11:52.198 [main] INFO  o.s.b.a.logging.ConditionEvaluationReportLogger - 

Error starting ApplicationContext. To display the condition evaluation report re-run your application with 'debug' enabled.
2024-07-26 23:12:24.003 [main] INFO  com.leuan.lepton.LeptonApplicationKt - Starting LeptonApplicationKt using Java 17.0.10 with PID 9142 (/Users/yangyang/Projects/lepton/lepton-application/build/classes/kotlin/main started by yangyang in /Users/yangyang/Projects/lepton)
2024-07-26 23:12:24.004 [main] INFO  com.leuan.lepton.LeptonApplicationKt - The following 1 profile is active: "dev"
2024-07-26 23:12:24.444 [main] INFO  o.s.d.r.config.RepositoryConfigurationDelegate - Bootstrapping Spring Data JPA repositories in DEFAULT mode.
2024-07-26 23:12:24.471 [main] INFO  o.s.d.r.config.RepositoryConfigurationDelegate - Finished Spring Data repository scanning in 21 ms. Found 2 JPA repository interfaces.
2024-07-26 23:12:24.695 [main] INFO  o.s.boot.web.embedded.tomcat.TomcatWebServer - Tomcat initialized with port 5555 (http)
2024-07-26 23:12:24.700 [main] INFO  org.apache.coyote.http11.Http11NioProtocol - Initializing ProtocolHandler ["http-nio-5555"]
2024-07-26 23:12:24.701 [main] INFO  org.apache.catalina.core.StandardService - Starting service [Tomcat]
2024-07-26 23:12:24.701 [main] INFO  org.apache.catalina.core.StandardEngine - Starting Servlet engine: [Apache Tomcat/10.1.26]
2024-07-26 23:12:24.728 [main] INFO  o.a.c.core.ContainerBase.[Tomcat].[localhost].[/] - Initializing Spring embedded WebApplicationContext
2024-07-26 23:12:24.728 [main] INFO  o.s.b.w.s.c.ServletWebServerApplicationContext - Root WebApplicationContext: initialization completed in 707 ms
2024-07-26 23:12:24.796 [main] INFO  org.hibernate.jpa.internal.util.LogHelper - HHH000204: Processing PersistenceUnitInfo [name: default]
2024-07-26 23:12:24.828 [main] INFO  org.hibernate.Version - HHH000412: Hibernate ORM core version 6.5.2.Final
2024-07-26 23:12:24.842 [main] INFO  o.hibernate.cache.internal.RegionFactoryInitiator - HHH000026: Second-level cache disabled
2024-07-26 23:12:24.981 [main] INFO  o.s.o.j.persistenceunit.SpringPersistenceUnitInfo - No LoadTimeWeaver setup: ignoring JPA class transformer
2024-07-26 23:12:24.992 [main] INFO  com.zaxxer.hikari.HikariDataSource - HikariPool-1 - Starting...
2024-07-26 23:12:25.347 [main] INFO  com.zaxxer.hikari.pool.HikariPool - HikariPool-1 - Added connection org.postgresql.jdbc.PgConnection@5db90818
2024-07-26 23:12:25.348 [main] INFO  com.zaxxer.hikari.HikariDataSource - HikariPool-1 - Start completed.
2024-07-26 23:12:25.810 [main] INFO  o.h.e.t.jta.platform.internal.JtaPlatformInitiator - HHH000489: No JTA platform available (set 'hibernate.transaction.jta.platform' to enable JTA platform integration)
2024-07-26 23:12:26.005 [main] INFO  o.s.orm.jpa.LocalContainerEntityManagerFactoryBean - Initialized JPA EntityManagerFactory for persistence unit 'default'
2024-07-26 23:12:26.388 [main] INFO  org.apache.coyote.http11.Http11NioProtocol - Starting ProtocolHandler ["http-nio-5555"]
2024-07-26 23:12:26.394 [main] INFO  o.s.boot.web.embedded.tomcat.TomcatWebServer - Tomcat started on port 5555 (http) with context path '/'
2024-07-26 23:12:26.399 [main] INFO  com.leuan.lepton.LeptonApplicationKt - Started LeptonApplicationKt in 2.588 seconds (process running for 2.926)
2024-07-26 23:12:36.996 [http-nio-5555-exec-1] INFO  o.a.c.core.ContainerBase.[Tomcat].[localhost].[/] - Initializing Spring DispatcherServlet 'dispatcherServlet'
2024-07-26 23:12:36.996 [http-nio-5555-exec-1] INFO  org.springframework.web.servlet.DispatcherServlet - Initializing Servlet 'dispatcherServlet'
2024-07-26 23:12:36.997 [http-nio-5555-exec-1] INFO  org.springframework.web.servlet.DispatcherServlet - Completed initialization in 0 ms
2024-07-26 23:12:37.161 [http-nio-5555-exec-1] INFO  org.springdoc.api.AbstractOpenApiResource - Init duration for springdoc-openapi is: 141 ms
2024-07-26 23:13:42.483 [http-nio-5555-exec-4] INFO  com.leuan.lepton.user.service.UserService - 保存系统用户成功|{"id":1,"createdBy":0,"createdAt":1722006822392,"updatedAt":1722006822392,"updatedBy":0,"tenantId":0,"name":"杨洋","phone":"17600302203","password":"123","tenants":[]}
2024-07-26 23:26:18.463 [SpringApplicationShutdownHook] INFO  o.s.orm.jpa.LocalContainerEntityManagerFactoryBean - Closing JPA EntityManagerFactory for persistence unit 'default'
2024-07-26 23:26:18.468 [SpringApplicationShutdownHook] INFO  com.zaxxer.hikari.HikariDataSource - HikariPool-1 - Shutdown initiated...
2024-07-26 23:26:18.471 [SpringApplicationShutdownHook] INFO  com.zaxxer.hikari.HikariDataSource - HikariPool-1 - Shutdown completed.
2024-07-26 23:26:19.778 [main] INFO  com.leuan.lepton.LeptonApplicationKt - Starting LeptonApplicationKt using Java 17.0.10 with PID 9531 (/Users/yangyang/Projects/lepton/lepton-application/build/classes/kotlin/main started by yangyang in /Users/yangyang/Projects/lepton)
2024-07-26 23:26:19.779 [main] INFO  com.leuan.lepton.LeptonApplicationKt - The following 1 profile is active: "dev"
2024-07-26 23:26:20.229 [main] INFO  o.s.d.r.config.RepositoryConfigurationDelegate - Bootstrapping Spring Data JPA repositories in DEFAULT mode.
2024-07-26 23:26:20.256 [main] INFO  o.s.d.r.config.RepositoryConfigurationDelegate - Finished Spring Data repository scanning in 23 ms. Found 3 JPA repository interfaces.
2024-07-26 23:26:20.446 [main] INFO  o.s.boot.web.embedded.tomcat.TomcatWebServer - Tomcat initialized with port 5555 (http)
2024-07-26 23:26:20.451 [main] INFO  org.apache.coyote.http11.Http11NioProtocol - Initializing ProtocolHandler ["http-nio-5555"]
2024-07-26 23:26:20.452 [main] INFO  org.apache.catalina.core.StandardService - Starting service [Tomcat]
2024-07-26 23:26:20.452 [main] INFO  org.apache.catalina.core.StandardEngine - Starting Servlet engine: [Apache Tomcat/10.1.26]
2024-07-26 23:26:20.475 [main] INFO  o.a.c.core.ContainerBase.[Tomcat].[localhost].[/] - Initializing Spring embedded WebApplicationContext
2024-07-26 23:26:20.476 [main] INFO  o.s.b.w.s.c.ServletWebServerApplicationContext - Root WebApplicationContext: initialization completed in 680 ms
2024-07-26 23:26:20.539 [main] INFO  org.hibernate.jpa.internal.util.LogHelper - HHH000204: Processing PersistenceUnitInfo [name: default]
2024-07-26 23:26:20.563 [main] INFO  org.hibernate.Version - HHH000412: Hibernate ORM core version 6.5.2.Final
2024-07-26 23:26:20.577 [main] INFO  o.hibernate.cache.internal.RegionFactoryInitiator - HHH000026: Second-level cache disabled
2024-07-26 23:26:20.708 [main] INFO  o.s.o.j.persistenceunit.SpringPersistenceUnitInfo - No LoadTimeWeaver setup: ignoring JPA class transformer
2024-07-26 23:26:20.719 [main] INFO  com.zaxxer.hikari.HikariDataSource - HikariPool-1 - Starting...
2024-07-26 23:26:20.882 [main] INFO  com.zaxxer.hikari.pool.HikariPool - HikariPool-1 - Added connection org.postgresql.jdbc.PgConnection@10f10230
2024-07-26 23:26:20.883 [main] INFO  com.zaxxer.hikari.HikariDataSource - HikariPool-1 - Start completed.
2024-07-26 23:26:21.334 [main] INFO  o.h.e.t.jta.platform.internal.JtaPlatformInitiator - HHH000489: No JTA platform available (set 'hibernate.transaction.jta.platform' to enable JTA platform integration)
2024-07-26 23:26:21.649 [main] INFO  o.s.orm.jpa.LocalContainerEntityManagerFactoryBean - Initialized JPA EntityManagerFactory for persistence unit 'default'
2024-07-26 23:26:21.996 [main] INFO  org.apache.coyote.http11.Http11NioProtocol - Starting ProtocolHandler ["http-nio-5555"]
2024-07-26 23:26:22.002 [main] INFO  o.s.boot.web.embedded.tomcat.TomcatWebServer - Tomcat started on port 5555 (http) with context path '/'
2024-07-26 23:26:22.007 [main] INFO  com.leuan.lepton.LeptonApplicationKt - Started LeptonApplicationKt in 2.444 seconds (process running for 2.801)
2024-07-26 23:36:32.371 [main] INFO  com.leuan.lepton.LeptonApplicationKt - Starting LeptonApplicationKt using Java 17.0.10 with PID 9728 (/Users/yangyang/Projects/lepton/lepton-application/build/classes/kotlin/main started by yangyang in /Users/yangyang/Projects/lepton)
2024-07-26 23:36:32.373 [main] INFO  com.leuan.lepton.LeptonApplicationKt - The following 1 profile is active: "dev"
2024-07-26 23:36:33.317 [main] INFO  o.s.d.r.config.RepositoryConfigurationDelegate - Bootstrapping Spring Data JPA repositories in DEFAULT mode.
2024-07-26 23:36:33.364 [main] INFO  o.s.d.r.config.RepositoryConfigurationDelegate - Finished Spring Data repository scanning in 42 ms. Found 3 JPA repository interfaces.
2024-07-26 23:36:33.592 [main] INFO  o.s.boot.web.embedded.tomcat.TomcatWebServer - Tomcat initialized with port 5555 (http)
2024-07-26 23:36:33.597 [main] INFO  org.apache.coyote.http11.Http11NioProtocol - Initializing ProtocolHandler ["http-nio-5555"]
2024-07-26 23:36:33.597 [main] INFO  org.apache.catalina.core.StandardService - Starting service [Tomcat]
2024-07-26 23:36:33.598 [main] INFO  org.apache.catalina.core.StandardEngine - Starting Servlet engine: [Apache Tomcat/10.1.26]
2024-07-26 23:36:33.623 [main] INFO  o.a.c.core.ContainerBase.[Tomcat].[localhost].[/] - Initializing Spring embedded WebApplicationContext
2024-07-26 23:36:33.623 [main] INFO  o.s.b.w.s.c.ServletWebServerApplicationContext - Root WebApplicationContext: initialization completed in 1223 ms
2024-07-26 23:36:33.703 [main] INFO  org.hibernate.jpa.internal.util.LogHelper - HHH000204: Processing PersistenceUnitInfo [name: default]
2024-07-26 23:36:33.729 [main] INFO  org.hibernate.Version - HHH000412: Hibernate ORM core version 6.5.2.Final
2024-07-26 23:36:33.743 [main] INFO  o.hibernate.cache.internal.RegionFactoryInitiator - HHH000026: Second-level cache disabled
2024-07-26 23:36:33.879 [main] INFO  o.s.o.j.persistenceunit.SpringPersistenceUnitInfo - No LoadTimeWeaver setup: ignoring JPA class transformer
2024-07-26 23:36:33.890 [main] INFO  com.zaxxer.hikari.HikariDataSource - HikariPool-1 - Starting...
2024-07-26 23:36:34.075 [main] INFO  com.zaxxer.hikari.pool.HikariPool - HikariPool-1 - Added connection org.postgresql.jdbc.PgConnection@6e6c8854
2024-07-26 23:36:34.076 [main] INFO  com.zaxxer.hikari.HikariDataSource - HikariPool-1 - Start completed.
2024-07-26 23:36:34.550 [main] INFO  o.h.e.t.jta.platform.internal.JtaPlatformInitiator - HHH000489: No JTA platform available (set 'hibernate.transaction.jta.platform' to enable JTA platform integration)
2024-07-26 23:36:34.749 [main] INFO  o.s.orm.jpa.LocalContainerEntityManagerFactoryBean - Initialized JPA EntityManagerFactory for persistence unit 'default'
2024-07-26 23:36:35.146 [main] INFO  org.apache.coyote.http11.Http11NioProtocol - Starting ProtocolHandler ["http-nio-5555"]
2024-07-26 23:36:35.152 [main] INFO  o.s.boot.web.embedded.tomcat.TomcatWebServer - Tomcat started on port 5555 (http) with context path '/'
2024-07-26 23:36:35.157 [main] INFO  com.leuan.lepton.LeptonApplicationKt - Started LeptonApplicationKt in 3.229 seconds (process running for 3.529)
2024-07-26 23:36:38.002 [http-nio-5555-exec-1] INFO  o.a.c.core.ContainerBase.[Tomcat].[localhost].[/] - Initializing Spring DispatcherServlet 'dispatcherServlet'
2024-07-26 23:36:38.002 [http-nio-5555-exec-1] INFO  org.springframework.web.servlet.DispatcherServlet - Initializing Servlet 'dispatcherServlet'
2024-07-26 23:36:38.003 [http-nio-5555-exec-1] INFO  org.springframework.web.servlet.DispatcherServlet - Completed initialization in 1 ms
2024-07-26 23:36:38.187 [http-nio-5555-exec-1] INFO  org.springdoc.api.AbstractOpenApiResource - Init duration for springdoc-openapi is: 158 ms
2024-07-26 23:45:46.601 [main] INFO  com.leuan.lepton.LeptonApplicationKt - Starting LeptonApplicationKt using Java 17.0.10 with PID 9845 (/Users/yangyang/Projects/lepton/lepton-application/build/classes/kotlin/main started by yangyang in /Users/yangyang/Projects/lepton)
2024-07-26 23:45:46.602 [main] INFO  com.leuan.lepton.LeptonApplicationKt - The following 1 profile is active: "dev"
2024-07-26 23:45:47.036 [main] INFO  o.s.d.r.config.RepositoryConfigurationDelegate - Bootstrapping Spring Data JPA repositories in DEFAULT mode.
2024-07-26 23:45:47.063 [main] INFO  o.s.d.r.config.RepositoryConfigurationDelegate - Finished Spring Data repository scanning in 22 ms. Found 3 JPA repository interfaces.
2024-07-26 23:45:47.249 [main] INFO  o.s.boot.web.embedded.tomcat.TomcatWebServer - Tomcat initialized with port 5555 (http)
2024-07-26 23:45:47.254 [main] INFO  org.apache.coyote.http11.Http11NioProtocol - Initializing ProtocolHandler ["http-nio-5555"]
2024-07-26 23:45:47.254 [main] INFO  org.apache.catalina.core.StandardService - Starting service [Tomcat]
2024-07-26 23:45:47.255 [main] INFO  org.apache.catalina.core.StandardEngine - Starting Servlet engine: [Apache Tomcat/10.1.26]
2024-07-26 23:45:47.277 [main] INFO  o.a.c.core.ContainerBase.[Tomcat].[localhost].[/] - Initializing Spring embedded WebApplicationContext
2024-07-26 23:45:47.277 [main] INFO  o.s.b.w.s.c.ServletWebServerApplicationContext - Root WebApplicationContext: initialization completed in 658 ms
2024-07-26 23:45:47.340 [main] INFO  org.hibernate.jpa.internal.util.LogHelper - HHH000204: Processing PersistenceUnitInfo [name: default]
2024-07-26 23:45:47.363 [main] INFO  org.hibernate.Version - HHH000412: Hibernate ORM core version 6.5.2.Final
2024-07-26 23:45:47.375 [main] INFO  o.hibernate.cache.internal.RegionFactoryInitiator - HHH000026: Second-level cache disabled
2024-07-26 23:45:47.505 [main] INFO  o.s.o.j.persistenceunit.SpringPersistenceUnitInfo - No LoadTimeWeaver setup: ignoring JPA class transformer
2024-07-26 23:45:47.517 [main] INFO  com.zaxxer.hikari.HikariDataSource - HikariPool-1 - Starting...
2024-07-26 23:45:47.693 [main] INFO  com.zaxxer.hikari.pool.HikariPool - HikariPool-1 - Added connection org.postgresql.jdbc.PgConnection@4be1dce6
2024-07-26 23:45:47.694 [main] INFO  com.zaxxer.hikari.HikariDataSource - HikariPool-1 - Start completed.
2024-07-26 23:45:48.147 [main] INFO  o.h.e.t.jta.platform.internal.JtaPlatformInitiator - HHH000489: No JTA platform available (set 'hibernate.transaction.jta.platform' to enable JTA platform integration)
2024-07-26 23:45:48.325 [main] INFO  o.s.orm.jpa.LocalContainerEntityManagerFactoryBean - Initialized JPA EntityManagerFactory for persistence unit 'default'
2024-07-26 23:45:48.720 [main] INFO  org.apache.coyote.http11.Http11NioProtocol - Starting ProtocolHandler ["http-nio-5555"]
2024-07-26 23:45:48.726 [main] INFO  o.s.boot.web.embedded.tomcat.TomcatWebServer - Tomcat started on port 5555 (http) with context path '/'
2024-07-26 23:45:48.732 [main] INFO  com.leuan.lepton.LeptonApplicationKt - Started LeptonApplicationKt in 2.389 seconds (process running for 2.834)
2024-07-26 23:45:51.757 [http-nio-5555-exec-2] INFO  o.a.c.core.ContainerBase.[Tomcat].[localhost].[/] - Initializing Spring DispatcherServlet 'dispatcherServlet'
2024-07-26 23:45:51.758 [http-nio-5555-exec-2] INFO  org.springframework.web.servlet.DispatcherServlet - Initializing Servlet 'dispatcherServlet'
2024-07-26 23:45:51.758 [http-nio-5555-exec-2] INFO  org.springframework.web.servlet.DispatcherServlet - Completed initialization in 0 ms
