plop system tenant 租户
plop system menu 菜单
plop system role 角色
plop system user 用户
plop system sysPackage 套餐
plop system tenant 租户
plop system menu 菜单
plop system role 角色
plop system user 用户
plop system sysPackage 套餐
plop system tenant 租户
plop system menu 菜单
plop system role 角色
plop system user 用户
plop system sysPackage 套餐
plop customer customerChannel 客资渠道
plop customer customerChannel 客资渠道
plop customer customerChannel 客资渠道
plop customer customerChannel 客资渠道
plop customer customerChannel 客资渠道
plop customer customerChannel 客资渠道
plop customer customerChannel 客资渠道
plop customer customerChannel 客资渠道
plop customer customerChannel 客资渠道
plop customer customerChannel 客资渠道
plop customer customerChannel 客资渠道
plop customer customerChannel 客资渠道
plop customer customerChannel 客资渠道
plop customer customerChannel 客资渠道
plop customer customerChannel 客资渠道
plop customer customerChannel 客资渠道
plop customer customer 客资
plop customer customerChannel 客资渠道
plop customer customerChannel 客资渠道
plop customer customer 客资
plop customer customerChannel 客资渠道
plop customer customer 客资
plop customer customer 客资
plop customer customerChannel 客资渠道
plop customer channel 客资渠道
plop system dict 字典
plop framework dict 字典
plop system dict 字典
plop collector xhs 小红书
plop collector xhsNote 小红书笔记
plop order order 订单
plop order goods 商品
plop system config 系统设置
plop customer brand 品牌
plop collector xhsNodeComment 小红书评论
plop collector xhsNoteComment 小红书评论
plop system dept 部门
plop from page 页面
plop from component 表单组件